ERROR - 2023-05-10 15:48:20 --> mysqli_sql_exception: Duplicate entry 'FMOW_1002' for key 'u_id' in C:\xampp\htdocs\Flatmates\system\Database\MySQLi\Connection.php:295
Stack trace:
#0 C:\xampp\htdocs\Flatmates\system\Database\MySQLi\Connection.php(295): mysqli->query('INSERT INTO `ne...', 0)
#1 C:\xampp\htdocs\Flatmates\system\Database\BaseConnection.php(691): CodeIgniter\Database\MySQLi\Connection->execute('INSERT INTO `ne...')
#2 C:\xampp\htdocs\Flatmates\system\Database\BaseConnection.php(605): CodeIgniter\Database\BaseConnection->simpleQuery('INSERT INTO `ne...')
#3 C:\xampp\htdocs\Flatmates\system\Database\BaseBuilder.php(2309): CodeIgniter\Database\BaseConnection->query('INSERT INTO `ne...', Array, false)
#4 C:\xampp\htdocs\Flatmates\app\Models\dbmodels.php(210): CodeIgniter\Database\BaseBuilder->insert(Array)
#5 C:\xampp\htdocs\Flatmates\app\Controllers\dbcontrollers.php(255): App\Models\Dbmodels->new_house_data_model(Array)
#6 C:\xampp\htdocs\Flatmates\system\CodeIgniter.php(934): App\Controllers\dbcontrollers->demo_reg()
#7 C:\xampp\htdocs\Flatmates\system\CodeIgniter.php(499): CodeIgniter\CodeIgniter->runController(Object(App\Controllers\dbcontrollers))
#8 C:\xampp\htdocs\Flatmates\system\CodeIgniter.php(368): CodeIgniter\CodeIgniter->handleRequest(NULL, Object(Config\Cache), false)
#9 C:\xampp\htdocs\Flatmates\public\index.php(67): CodeIgniter\CodeIgniter->run()
#10 {main}
CRITICAL - 2023-05-10 15:48:20 --> Duplicate entry 'FMOW_1002' for key 'u_id'
in SYSTEMPATH\Database\BaseConnection.php on line 645.
 1 SYSTEMPATH\Database\BaseBuilder.php(2309): CodeIgniter\Database\BaseConnection->query('INSERT INTO `new_house` (`u_id`, `house_no`, `address`, `about`, `description`, `members`, `rent`, `city`, `state`, `zipcode`, `BHK`, `image`) VALUES (:u_id:, :house_no:, :address:, :about:, :description:, :members:, :rent:, :city:, :state:, :zipcode:, :BHK:, :image:)', [...], false)
 2 APPPATH\Models\dbmodels.php(210): CodeIgniter\Database\BaseBuilder->insert([...])
 3 APPPATH\Controllers\dbcontrollers.php(255): App\Models\Dbmodels->new_house_data_model([...])
 4 SYSTEMPATH\CodeIgniter.php(934): App\Controllers\dbcontrollers->demo_reg()
 5 SYSTEMPATH\CodeIgniter.php(499): CodeIgniter\CodeIgniter->runController(Object(App\Controllers\dbcontrollers))
 6 SYSTEMPATH\CodeIgniter.php(368): CodeIgniter\CodeIgniter->handleRequest(null, Object(Config\Cache), false)
 7 FCPATH\index.php(67): CodeIgniter\CodeIgniter->run()
ERROR - 2023-05-10 15:49:24 --> mysqli_sql_exception: Duplicate entry 'FMOW_1002' for key 'u_id' in C:\xampp\htdocs\Flatmates\system\Database\MySQLi\Connection.php:295
Stack trace:
#0 C:\xampp\htdocs\Flatmates\system\Database\MySQLi\Connection.php(295): mysqli->query('INSERT INTO `ne...', 0)
#1 C:\xampp\htdocs\Flatmates\system\Database\BaseConnection.php(691): CodeIgniter\Database\MySQLi\Connection->execute('INSERT INTO `ne...')
#2 C:\xampp\htdocs\Flatmates\system\Database\BaseConnection.php(605): CodeIgniter\Database\BaseConnection->simpleQuery('INSERT INTO `ne...')
#3 C:\xampp\htdocs\Flatmates\system\Database\BaseBuilder.php(2309): CodeIgniter\Database\BaseConnection->query('INSERT INTO `ne...', Array, false)
#4 C:\xampp\htdocs\Flatmates\app\Models\dbmodels.php(210): CodeIgniter\Database\BaseBuilder->insert(Array)
#5 C:\xampp\htdocs\Flatmates\app\Controllers\dbcontrollers.php(255): App\Models\Dbmodels->new_house_data_model(Array)
#6 C:\xampp\htdocs\Flatmates\system\CodeIgniter.php(934): App\Controllers\dbcontrollers->demo_reg()
#7 C:\xampp\htdocs\Flatmates\system\CodeIgniter.php(499): CodeIgniter\CodeIgniter->runController(Object(App\Controllers\dbcontrollers))
#8 C:\xampp\htdocs\Flatmates\system\CodeIgniter.php(368): CodeIgniter\CodeIgniter->handleRequest(NULL, Object(Config\Cache), false)
#9 C:\xampp\htdocs\Flatmates\public\index.php(67): CodeIgniter\CodeIgniter->run()
#10 {main}
CRITICAL - 2023-05-10 15:49:24 --> Duplicate entry 'FMOW_1002' for key 'u_id'
in SYSTEMPATH\Database\BaseConnection.php on line 645.
 1 SYSTEMPATH\Database\BaseBuilder.php(2309): CodeIgniter\Database\BaseConnection->query('INSERT INTO `new_house` (`u_id`, `house_no`, `address`, `about`, `description`, `members`, `rent`, `city`, `state`, `zipcode`, `BHK`, `image`) VALUES (:u_id:, :house_no:, :address:, :about:, :description:, :members:, :rent:, :city:, :state:, :zipcode:, :BHK:, :image:)', [...], false)
 2 APPPATH\Models\dbmodels.php(210): CodeIgniter\Database\BaseBuilder->insert([...])
 3 APPPATH\Controllers\dbcontrollers.php(255): App\Models\Dbmodels->new_house_data_model([...])
 4 SYSTEMPATH\CodeIgniter.php(934): App\Controllers\dbcontrollers->demo_reg()
 5 SYSTEMPATH\CodeIgniter.php(499): CodeIgniter\CodeIgniter->runController(Object(App\Controllers\dbcontrollers))
 6 SYSTEMPATH\CodeIgniter.php(368): CodeIgniter\CodeIgniter->handleRequest(null, Object(Config\Cache), false)
 7 FCPATH\index.php(67): CodeIgniter\CodeIgniter->run()
ERROR - 2023-05-10 15:50:01 --> mysqli_sql_exception: Duplicate entry 'FMOW_1002' for key 'u_id' in C:\xampp\htdocs\Flatmates\system\Database\MySQLi\Connection.php:295
Stack trace:
#0 C:\xampp\htdocs\Flatmates\system\Database\MySQLi\Connection.php(295): mysqli->query('INSERT INTO `ne...', 0)
#1 C:\xampp\htdocs\Flatmates\system\Database\BaseConnection.php(691): CodeIgniter\Database\MySQLi\Connection->execute('INSERT INTO `ne...')
#2 C:\xampp\htdocs\Flatmates\system\Database\BaseConnection.php(605): CodeIgniter\Database\BaseConnection->simpleQuery('INSERT INTO `ne...')
#3 C:\xampp\htdocs\Flatmates\system\Database\BaseBuilder.php(2309): CodeIgniter\Database\BaseConnection->query('INSERT INTO `ne...', Array, false)
#4 C:\xampp\htdocs\Flatmates\app\Models\dbmodels.php(210): CodeIgniter\Database\BaseBuilder->insert(Array)
#5 C:\xampp\htdocs\Flatmates\app\Controllers\dbcontrollers.php(255): App\Models\Dbmodels->new_house_data_model(Array)
#6 C:\xampp\htdocs\Flatmates\system\CodeIgniter.php(934): App\Controllers\dbcontrollers->demo_reg()
#7 C:\xampp\htdocs\Flatmates\system\CodeIgniter.php(499): CodeIgniter\CodeIgniter->runController(Object(App\Controllers\dbcontrollers))
#8 C:\xampp\htdocs\Flatmates\system\CodeIgniter.php(368): CodeIgniter\CodeIgniter->handleRequest(NULL, Object(Config\Cache), false)
#9 C:\xampp\htdocs\Flatmates\public\index.php(67): CodeIgniter\CodeIgniter->run()
#10 {main}
CRITICAL - 2023-05-10 15:50:01 --> Duplicate entry 'FMOW_1002' for key 'u_id'
in SYSTEMPATH\Database\BaseConnection.php on line 645.
 1 SYSTEMPATH\Database\BaseBuilder.php(2309): CodeIgniter\Database\BaseConnection->query('INSERT INTO `new_house` (`u_id`, `house_no`, `address`, `about`, `description`, `members`, `rent`, `city`, `state`, `zipcode`, `BHK`, `image`) VALUES (:u_id:, :house_no:, :address:, :about:, :description:, :members:, :rent:, :city:, :state:, :zipcode:, :BHK:, :image:)', [...], false)
 2 APPPATH\Models\dbmodels.php(210): CodeIgniter\Database\BaseBuilder->insert([...])
 3 APPPATH\Controllers\dbcontrollers.php(255): App\Models\Dbmodels->new_house_data_model([...])
 4 SYSTEMPATH\CodeIgniter.php(934): App\Controllers\dbcontrollers->demo_reg()
 5 SYSTEMPATH\CodeIgniter.php(499): CodeIgniter\CodeIgniter->runController(Object(App\Controllers\dbcontrollers))
 6 SYSTEMPATH\CodeIgniter.php(368): CodeIgniter\CodeIgniter->handleRequest(null, Object(Config\Cache), false)
 7 FCPATH\index.php(67): CodeIgniter\CodeIgniter->run()
ERROR - 2023-05-10 15:58:47 --> mysqli_sql_exception: Duplicate entry 'FMOW_1002' for key 'u_id' in C:\xampp\htdocs\Flatmates\system\Database\MySQLi\Connection.php:295
Stack trace:
#0 C:\xampp\htdocs\Flatmates\system\Database\MySQLi\Connection.php(295): mysqli->query('INSERT INTO `ne...', 0)
#1 C:\xampp\htdocs\Flatmates\system\Database\BaseConnection.php(691): CodeIgniter\Database\MySQLi\Connection->execute('INSERT INTO `ne...')
#2 C:\xampp\htdocs\Flatmates\system\Database\BaseConnection.php(605): CodeIgniter\Database\BaseConnection->simpleQuery('INSERT INTO `ne...')
#3 C:\xampp\htdocs\Flatmates\system\Database\BaseBuilder.php(2309): CodeIgniter\Database\BaseConnection->query('INSERT INTO `ne...', Array, false)
#4 C:\xampp\htdocs\Flatmates\app\Models\dbmodels.php(210): CodeIgniter\Database\BaseBuilder->insert(Array)
#5 C:\xampp\htdocs\Flatmates\app\Controllers\dbcontrollers.php(255): App\Models\Dbmodels->new_house_data_model(Array)
#6 C:\xampp\htdocs\Flatmates\system\CodeIgniter.php(934): App\Controllers\dbcontrollers->demo_reg()
#7 C:\xampp\htdocs\Flatmates\system\CodeIgniter.php(499): CodeIgniter\CodeIgniter->runController(Object(App\Controllers\dbcontrollers))
#8 C:\xampp\htdocs\Flatmates\system\CodeIgniter.php(368): CodeIgniter\CodeIgniter->handleRequest(NULL, Object(Config\Cache), false)
#9 C:\xampp\htdocs\Flatmates\public\index.php(67): CodeIgniter\CodeIgniter->run()
#10 {main}
CRITICAL - 2023-05-10 15:58:47 --> Duplicate entry 'FMOW_1002' for key 'u_id'
in SYSTEMPATH\Database\BaseConnection.php on line 645.
 1 SYSTEMPATH\Database\BaseBuilder.php(2309): CodeIgniter\Database\BaseConnection->query('INSERT INTO `new_house` (`u_id`, `house_no`, `address`, `about`, `description`, `members`, `rent`, `city`, `state`, `zipcode`, `BHK`, `image`) VALUES (:u_id:, :house_no:, :address:, :about:, :description:, :members:, :rent:, :city:, :state:, :zipcode:, :BHK:, :image:)', [...], false)
 2 APPPATH\Models\dbmodels.php(210): CodeIgniter\Database\BaseBuilder->insert([...])
 3 APPPATH\Controllers\dbcontrollers.php(255): App\Models\Dbmodels->new_house_data_model([...])
 4 SYSTEMPATH\CodeIgniter.php(934): App\Controllers\dbcontrollers->demo_reg()
 5 SYSTEMPATH\CodeIgniter.php(499): CodeIgniter\CodeIgniter->runController(Object(App\Controllers\dbcontrollers))
 6 SYSTEMPATH\CodeIgniter.php(368): CodeIgniter\CodeIgniter->handleRequest(null, Object(Config\Cache), false)
 7 FCPATH\index.php(67): CodeIgniter\CodeIgniter->run()
ERROR - 2023-05-10 16:13:47 --> mysqli_sql_exception: Column 'u_id' cannot be null in C:\xampp\htdocs\Flatmates\system\Database\MySQLi\Connection.php:295
Stack trace:
#0 C:\xampp\htdocs\Flatmates\system\Database\MySQLi\Connection.php(295): mysqli->query('INSERT INTO `ne...', 0)
#1 C:\xampp\htdocs\Flatmates\system\Database\BaseConnection.php(691): CodeIgniter\Database\MySQLi\Connection->execute('INSERT INTO `ne...')
#2 C:\xampp\htdocs\Flatmates\system\Database\BaseConnection.php(605): CodeIgniter\Database\BaseConnection->simpleQuery('INSERT INTO `ne...')
#3 C:\xampp\htdocs\Flatmates\system\Database\BaseBuilder.php(2309): CodeIgniter\Database\BaseConnection->query('INSERT INTO `ne...', Array, false)
#4 C:\xampp\htdocs\Flatmates\app\Models\dbmodels.php(210): CodeIgniter\Database\BaseBuilder->insert(Array)
#5 C:\xampp\htdocs\Flatmates\app\Controllers\dbcontrollers.php(255): App\Models\Dbmodels->new_house_data_model(Array)
#6 C:\xampp\htdocs\Flatmates\system\CodeIgniter.php(934): App\Controllers\dbcontrollers->demo_reg()
#7 C:\xampp\htdocs\Flatmates\system\CodeIgniter.php(499): CodeIgniter\CodeIgniter->runController(Object(App\Controllers\dbcontrollers))
#8 C:\xampp\htdocs\Flatmates\system\CodeIgniter.php(368): CodeIgniter\CodeIgniter->handleRequest(NULL, Object(Config\Cache), false)
#9 C:\xampp\htdocs\Flatmates\public\index.php(67): CodeIgniter\CodeIgniter->run()
#10 {main}
CRITICAL - 2023-05-10 16:13:47 --> Column 'u_id' cannot be null
in SYSTEMPATH\Database\BaseConnection.php on line 645.
 1 SYSTEMPATH\Database\BaseBuilder.php(2309): CodeIgniter\Database\BaseConnection->query('INSERT INTO `new_house` (`u_id`, `house_no`, `address`, `about`, `description`, `members`, `rent`, `city`, `state`, `zipcode`, `BHK`, `image`) VALUES (:u_id:, :house_no:, :address:, :about:, :description:, :members:, :rent:, :city:, :state:, :zipcode:, :BHK:, :image:)', [...], false)
 2 APPPATH\Models\dbmodels.php(210): CodeIgniter\Database\BaseBuilder->insert([...])
 3 APPPATH\Controllers\dbcontrollers.php(255): App\Models\Dbmodels->new_house_data_model([...])
 4 SYSTEMPATH\CodeIgniter.php(934): App\Controllers\dbcontrollers->demo_reg()
 5 SYSTEMPATH\CodeIgniter.php(499): CodeIgniter\CodeIgniter->runController(Object(App\Controllers\dbcontrollers))
 6 SYSTEMPATH\CodeIgniter.php(368): CodeIgniter\CodeIgniter->handleRequest(null, Object(Config\Cache), false)
 7 FCPATH\index.php(67): CodeIgniter\CodeIgniter->run()
ERROR - 2023-05-10 16:14:08 --> mysqli_sql_exception: Column 'u_id' cannot be null in C:\xampp\htdocs\Flatmates\system\Database\MySQLi\Connection.php:295
Stack trace:
#0 C:\xampp\htdocs\Flatmates\system\Database\MySQLi\Connection.php(295): mysqli->query('INSERT INTO `ne...', 0)
#1 C:\xampp\htdocs\Flatmates\system\Database\BaseConnection.php(691): CodeIgniter\Database\MySQLi\Connection->execute('INSERT INTO `ne...')
#2 C:\xampp\htdocs\Flatmates\system\Database\BaseConnection.php(605): CodeIgniter\Database\BaseConnection->simpleQuery('INSERT INTO `ne...')
#3 C:\xampp\htdocs\Flatmates\system\Database\BaseBuilder.php(2309): CodeIgniter\Database\BaseConnection->query('INSERT INTO `ne...', Array, false)
#4 C:\xampp\htdocs\Flatmates\app\Models\dbmodels.php(210): CodeIgniter\Database\BaseBuilder->insert(Array)
#5 C:\xampp\htdocs\Flatmates\app\Controllers\dbcontrollers.php(255): App\Models\Dbmodels->new_house_data_model(Array)
#6 C:\xampp\htdocs\Flatmates\system\CodeIgniter.php(934): App\Controllers\dbcontrollers->demo_reg()
#7 C:\xampp\htdocs\Flatmates\system\CodeIgniter.php(499): CodeIgniter\CodeIgniter->runController(Object(App\Controllers\dbcontrollers))
#8 C:\xampp\htdocs\Flatmates\system\CodeIgniter.php(368): CodeIgniter\CodeIgniter->handleRequest(NULL, Object(Config\Cache), false)
#9 C:\xampp\htdocs\Flatmates\public\index.php(67): CodeIgniter\CodeIgniter->run()
#10 {main}
CRITICAL - 2023-05-10 16:14:08 --> Column 'u_id' cannot be null
in SYSTEMPATH\Database\BaseConnection.php on line 645.
 1 SYSTEMPATH\Database\BaseBuilder.php(2309): CodeIgniter\Database\BaseConnection->query('INSERT INTO `new_house` (`u_id`, `house_no`, `address`, `about`, `description`, `members`, `rent`, `city`, `state`, `zipcode`, `BHK`, `image`) VALUES (:u_id:, :house_no:, :address:, :about:, :description:, :members:, :rent:, :city:, :state:, :zipcode:, :BHK:, :image:)', [...], false)
 2 APPPATH\Models\dbmodels.php(210): CodeIgniter\Database\BaseBuilder->insert([...])
 3 APPPATH\Controllers\dbcontrollers.php(255): App\Models\Dbmodels->new_house_data_model([...])
 4 SYSTEMPATH\CodeIgniter.php(934): App\Controllers\dbcontrollers->demo_reg()
 5 SYSTEMPATH\CodeIgniter.php(499): CodeIgniter\CodeIgniter->runController(Object(App\Controllers\dbcontrollers))
 6 SYSTEMPATH\CodeIgniter.php(368): CodeIgniter\CodeIgniter->handleRequest(null, Object(Config\Cache), false)
 7 FCPATH\index.php(67): CodeIgniter\CodeIgniter->run()
ERROR - 2023-05-10 16:14:54 --> mysqli_sql_exception: Column 'u_id' cannot be null in C:\xampp\htdocs\Flatmates\system\Database\MySQLi\Connection.php:295
Stack trace:
#0 C:\xampp\htdocs\Flatmates\system\Database\MySQLi\Connection.php(295): mysqli->query('INSERT INTO `ne...', 0)
#1 C:\xampp\htdocs\Flatmates\system\Database\BaseConnection.php(691): CodeIgniter\Database\MySQLi\Connection->execute('INSERT INTO `ne...')
#2 C:\xampp\htdocs\Flatmates\system\Database\BaseConnection.php(605): CodeIgniter\Database\BaseConnection->simpleQuery('INSERT INTO `ne...')
#3 C:\xampp\htdocs\Flatmates\system\Database\BaseBuilder.php(2309): CodeIgniter\Database\BaseConnection->query('INSERT INTO `ne...', Array, false)
#4 C:\xampp\htdocs\Flatmates\app\Models\dbmodels.php(210): CodeIgniter\Database\BaseBuilder->insert(Array)
#5 C:\xampp\htdocs\Flatmates\app\Controllers\dbcontrollers.php(255): App\Models\Dbmodels->new_house_data_model(Array)
#6 C:\xampp\htdocs\Flatmates\system\CodeIgniter.php(934): App\Controllers\dbcontrollers->demo_reg()
#7 C:\xampp\htdocs\Flatmates\system\CodeIgniter.php(499): CodeIgniter\CodeIgniter->runController(Object(App\Controllers\dbcontrollers))
#8 C:\xampp\htdocs\Flatmates\system\CodeIgniter.php(368): CodeIgniter\CodeIgniter->handleRequest(NULL, Object(Config\Cache), false)
#9 C:\xampp\htdocs\Flatmates\public\index.php(67): CodeIgniter\CodeIgniter->run()
#10 {main}
CRITICAL - 2023-05-10 16:14:54 --> Column 'u_id' cannot be null
in SYSTEMPATH\Database\BaseConnection.php on line 645.
 1 SYSTEMPATH\Database\BaseBuilder.php(2309): CodeIgniter\Database\BaseConnection->query('INSERT INTO `new_house` (`u_id`, `house_no`, `address`, `about`, `description`, `members`, `rent`, `city`, `state`, `zipcode`, `BHK`, `image`) VALUES (:u_id:, :house_no:, :address:, :about:, :description:, :members:, :rent:, :city:, :state:, :zipcode:, :BHK:, :image:)', [...], false)
 2 APPPATH\Models\dbmodels.php(210): CodeIgniter\Database\BaseBuilder->insert([...])
 3 APPPATH\Controllers\dbcontrollers.php(255): App\Models\Dbmodels->new_house_data_model([...])
 4 SYSTEMPATH\CodeIgniter.php(934): App\Controllers\dbcontrollers->demo_reg()
 5 SYSTEMPATH\CodeIgniter.php(499): CodeIgniter\CodeIgniter->runController(Object(App\Controllers\dbcontrollers))
 6 SYSTEMPATH\CodeIgniter.php(368): CodeIgniter\CodeIgniter->handleRequest(null, Object(Config\Cache), false)
 7 FCPATH\index.php(67): CodeIgniter\CodeIgniter->run()
ERROR - 2023-05-10 16:19:51 --> mysqli_sql_exception: Column 'u_id' cannot be null in C:\xampp\htdocs\Flatmates\system\Database\MySQLi\Connection.php:295
Stack trace:
#0 C:\xampp\htdocs\Flatmates\system\Database\MySQLi\Connection.php(295): mysqli->query('INSERT INTO `ne...', 0)
#1 C:\xampp\htdocs\Flatmates\system\Database\BaseConnection.php(691): CodeIgniter\Database\MySQLi\Connection->execute('INSERT INTO `ne...')
#2 C:\xampp\htdocs\Flatmates\system\Database\BaseConnection.php(605): CodeIgniter\Database\BaseConnection->simpleQuery('INSERT INTO `ne...')
#3 C:\xampp\htdocs\Flatmates\system\Database\BaseBuilder.php(2309): CodeIgniter\Database\BaseConnection->query('INSERT INTO `ne...', Array, false)
#4 C:\xampp\htdocs\Flatmates\app\Models\dbmodels.php(210): CodeIgniter\Database\BaseBuilder->insert(Array)
#5 C:\xampp\htdocs\Flatmates\app\Controllers\dbcontrollers.php(255): App\Models\Dbmodels->new_house_data_model(Array)
#6 C:\xampp\htdocs\Flatmates\system\CodeIgniter.php(934): App\Controllers\dbcontrollers->demo_reg()
#7 C:\xampp\htdocs\Flatmates\system\CodeIgniter.php(499): CodeIgniter\CodeIgniter->runController(Object(App\Controllers\dbcontrollers))
#8 C:\xampp\htdocs\Flatmates\system\CodeIgniter.php(368): CodeIgniter\CodeIgniter->handleRequest(NULL, Object(Config\Cache), false)
#9 C:\xampp\htdocs\Flatmates\public\index.php(67): CodeIgniter\CodeIgniter->run()
#10 {main}
CRITICAL - 2023-05-10 16:19:51 --> Column 'u_id' cannot be null
in SYSTEMPATH\Database\BaseConnection.php on line 645.
 1 SYSTEMPATH\Database\BaseBuilder.php(2309): CodeIgniter\Database\BaseConnection->query('INSERT INTO `new_house` (`u_id`, `house_no`, `address`, `about`, `description`, `members`, `rent`, `city`, `state`, `zipcode`, `BHK`, `image`) VALUES (:u_id:, :house_no:, :address:, :about:, :description:, :members:, :rent:, :city:, :state:, :zipcode:, :BHK:, :image:)', [...], false)
 2 APPPATH\Models\dbmodels.php(210): CodeIgniter\Database\BaseBuilder->insert([...])
 3 APPPATH\Controllers\dbcontrollers.php(255): App\Models\Dbmodels->new_house_data_model([...])
 4 SYSTEMPATH\CodeIgniter.php(934): App\Controllers\dbcontrollers->demo_reg()
 5 SYSTEMPATH\CodeIgniter.php(499): CodeIgniter\CodeIgniter->runController(Object(App\Controllers\dbcontrollers))
 6 SYSTEMPATH\CodeIgniter.php(368): CodeIgniter\CodeIgniter->handleRequest(null, Object(Config\Cache), false)
 7 FCPATH\index.php(67): CodeIgniter\CodeIgniter->run()
ERROR - 2023-05-10 16:45:45 --> mysqli_sql_exception: Column 'u_id' cannot be null in C:\xampp\htdocs\Flatmates\system\Database\MySQLi\Connection.php:295
Stack trace:
#0 C:\xampp\htdocs\Flatmates\system\Database\MySQLi\Connection.php(295): mysqli->query('INSERT INTO `ne...', 0)
#1 C:\xampp\htdocs\Flatmates\system\Database\BaseConnection.php(691): CodeIgniter\Database\MySQLi\Connection->execute('INSERT INTO `ne...')
#2 C:\xampp\htdocs\Flatmates\system\Database\BaseConnection.php(605): CodeIgniter\Database\BaseConnection->simpleQuery('INSERT INTO `ne...')
#3 C:\xampp\htdocs\Flatmates\system\Database\BaseBuilder.php(2309): CodeIgniter\Database\BaseConnection->query('INSERT INTO `ne...', Array, false)
#4 C:\xampp\htdocs\Flatmates\app\Models\dbmodels.php(210): CodeIgniter\Database\BaseBuilder->insert(Array)
#5 C:\xampp\htdocs\Flatmates\app\Controllers\dbcontrollers.php(255): App\Models\Dbmodels->new_house_data_model(Array)
#6 C:\xampp\htdocs\Flatmates\system\CodeIgniter.php(934): App\Controllers\dbcontrollers->demo_reg()
#7 C:\xampp\htdocs\Flatmates\system\CodeIgniter.php(499): CodeIgniter\CodeIgniter->runController(Object(App\Controllers\dbcontrollers))
#8 C:\xampp\htdocs\Flatmates\system\CodeIgniter.php(368): CodeIgniter\CodeIgniter->handleRequest(NULL, Object(Config\Cache), false)
#9 C:\xampp\htdocs\Flatmates\public\index.php(67): CodeIgniter\CodeIgniter->run()
#10 {main}
CRITICAL - 2023-05-10 16:45:45 --> Column 'u_id' cannot be null
in SYSTEMPATH\Database\BaseConnection.php on line 645.
 1 SYSTEMPATH\Database\BaseBuilder.php(2309): CodeIgniter\Database\BaseConnection->query('INSERT INTO `new_house` (`u_id`, `house_no`, `address`, `about`, `description`, `members`, `rent`, `city`, `state`, `zipcode`, `BHK`, `image`) VALUES (:u_id:, :house_no:, :address:, :about:, :description:, :members:, :rent:, :city:, :state:, :zipcode:, :BHK:, :image:)', [...], false)
 2 APPPATH\Models\dbmodels.php(210): CodeIgniter\Database\BaseBuilder->insert([...])
 3 APPPATH\Controllers\dbcontrollers.php(255): App\Models\Dbmodels->new_house_data_model([...])
 4 SYSTEMPATH\CodeIgniter.php(934): App\Controllers\dbcontrollers->demo_reg()
 5 SYSTEMPATH\CodeIgniter.php(499): CodeIgniter\CodeIgniter->runController(Object(App\Controllers\dbcontrollers))
 6 SYSTEMPATH\CodeIgniter.php(368): CodeIgniter\CodeIgniter->handleRequest(null, Object(Config\Cache), false)
 7 FCPATH\index.php(67): CodeIgniter\CodeIgniter->run()
ERROR - 2023-05-10 16:46:09 --> Email: Unable to send email using SMTP. Your server might not be configured to send mail using this method.
ERROR - 2023-05-10 16:46:09 --> 220 smtp.gmail.com ESMTP e18-20020a62ee12000000b0062e0c39977csm3728849pfi.139 - gsmtp

hello: 250-smtp.gmail.com at your service, [2401:4900:4d4c:3fa:1454:55bf:d56b:e2ef]
250-SIZE 35882577
250-8BITMIME
250-STARTTLS
250-ENHANCEDSTATUSCODES
250-PIPELINING
250-CHUNKING
250 SMTPUTF8

starttls: 220 2.0.0 Ready to start TLS

hello: 250-smtp.gmail.com at your service, [2401:4900:4d4c:3fa:1454:55bf:d56b:e2ef]
250-SIZE 35882577
250-8BITMIME
250-AUTH LOGIN PLAIN XOAUTH2 PLAIN-CLIENTTOKEN OAUTHBEARER XOAUTH
250-ENHANCEDSTATUSCODES
250-PIPELINING
250-CHUNKING
250 SMTPUTF8

from: 250 2.1.0 OK e18-20020a62ee12000000b0062e0c39977csm3728849pfi.139 - gsmtp

to: 555 5.5.2 Syntax error. e18-20020a62ee12000000b0062e0c39977csm3728849pfi.139 - gsmtp

The following SMTP error was encountered: 555 5.5.2 Syntax error. e18-20020a62ee12000000b0062e0c39977csm3728849pfi.139 - gsmtp

quit: 221 2.0.0 closing connection e18-20020a62ee12000000b0062e0c39977csm3728849pfi.139 - gsmtp

ERROR - 2023-05-10 16:52:38 --> mysqli_sql_exception: Duplicate entry 'FMOW_1002' for key 'u_id' in C:\xampp\htdocs\Flatmates\system\Database\MySQLi\Connection.php:295
Stack trace:
#0 C:\xampp\htdocs\Flatmates\system\Database\MySQLi\Connection.php(295): mysqli->query('INSERT INTO `ne...', 0)
#1 C:\xampp\htdocs\Flatmates\system\Database\BaseConnection.php(691): CodeIgniter\Database\MySQLi\Connection->execute('INSERT INTO `ne...')
#2 C:\xampp\htdocs\Flatmates\system\Database\BaseConnection.php(605): CodeIgniter\Database\BaseConnection->simpleQuery('INSERT INTO `ne...')
#3 C:\xampp\htdocs\Flatmates\system\Database\BaseBuilder.php(2309): CodeIgniter\Database\BaseConnection->query('INSERT INTO `ne...', Array, false)
#4 C:\xampp\htdocs\Flatmates\app\Models\dbmodels.php(210): CodeIgniter\Database\BaseBuilder->insert(Array)
#5 C:\xampp\htdocs\Flatmates\app\Controllers\dbcontrollers.php(255): App\Models\Dbmodels->new_house_data_model(Array)
#6 C:\xampp\htdocs\Flatmates\system\CodeIgniter.php(934): App\Controllers\dbcontrollers->demo_reg()
#7 C:\xampp\htdocs\Flatmates\system\CodeIgniter.php(499): CodeIgniter\CodeIgniter->runController(Object(App\Controllers\dbcontrollers))
#8 C:\xampp\htdocs\Flatmates\system\CodeIgniter.php(368): CodeIgniter\CodeIgniter->handleRequest(NULL, Object(Config\Cache), false)
#9 C:\xampp\htdocs\Flatmates\public\index.php(67): CodeIgniter\CodeIgniter->run()
#10 {main}
CRITICAL - 2023-05-10 16:52:38 --> Duplicate entry 'FMOW_1002' for key 'u_id'
in SYSTEMPATH\Database\BaseConnection.php on line 645.
 1 SYSTEMPATH\Database\BaseBuilder.php(2309): CodeIgniter\Database\BaseConnection->query('INSERT INTO `new_house` (`u_id`, `house_no`, `address`, `about`, `description`, `members`, `rent`, `city`, `state`, `zipcode`, `BHK`, `image`) VALUES (:u_id:, :house_no:, :address:, :about:, :description:, :members:, :rent:, :city:, :state:, :zipcode:, :BHK:, :image:)', [...], false)
 2 APPPATH\Models\dbmodels.php(210): CodeIgniter\Database\BaseBuilder->insert([...])
 3 APPPATH\Controllers\dbcontrollers.php(255): App\Models\Dbmodels->new_house_data_model([...])
 4 SYSTEMPATH\CodeIgniter.php(934): App\Controllers\dbcontrollers->demo_reg()
 5 SYSTEMPATH\CodeIgniter.php(499): CodeIgniter\CodeIgniter->runController(Object(App\Controllers\dbcontrollers))
 6 SYSTEMPATH\CodeIgniter.php(368): CodeIgniter\CodeIgniter->handleRequest(null, Object(Config\Cache), false)
 7 FCPATH\index.php(67): CodeIgniter\CodeIgniter->run()
ERROR - 2023-05-10 16:54:49 --> mysqli_sql_exception: Duplicate entry 'FMOW_1002' for key 'u_id' in C:\xampp\htdocs\Flatmates\system\Database\MySQLi\Connection.php:295
Stack trace:
#0 C:\xampp\htdocs\Flatmates\system\Database\MySQLi\Connection.php(295): mysqli->query('INSERT INTO `ne...', 0)
#1 C:\xampp\htdocs\Flatmates\system\Database\BaseConnection.php(691): CodeIgniter\Database\MySQLi\Connection->execute('INSERT INTO `ne...')
#2 C:\xampp\htdocs\Flatmates\system\Database\BaseConnection.php(605): CodeIgniter\Database\BaseConnection->simpleQuery('INSERT INTO `ne...')
#3 C:\xampp\htdocs\Flatmates\system\Database\BaseBuilder.php(2309): CodeIgniter\Database\BaseConnection->query('INSERT INTO `ne...', Array, false)
#4 C:\xampp\htdocs\Flatmates\app\Models\dbmodels.php(210): CodeIgniter\Database\BaseBuilder->insert(Array)
#5 C:\xampp\htdocs\Flatmates\app\Controllers\dbcontrollers.php(254): App\Models\Dbmodels->new_house_data_model(Array)
#6 C:\xampp\htdocs\Flatmates\system\CodeIgniter.php(934): App\Controllers\dbcontrollers->demo_reg()
#7 C:\xampp\htdocs\Flatmates\system\CodeIgniter.php(499): CodeIgniter\CodeIgniter->runController(Object(App\Controllers\dbcontrollers))
#8 C:\xampp\htdocs\Flatmates\system\CodeIgniter.php(368): CodeIgniter\CodeIgniter->handleRequest(NULL, Object(Config\Cache), false)
#9 C:\xampp\htdocs\Flatmates\public\index.php(67): CodeIgniter\CodeIgniter->run()
#10 {main}
CRITICAL - 2023-05-10 16:54:49 --> Duplicate entry 'FMOW_1002' for key 'u_id'
in SYSTEMPATH\Database\BaseConnection.php on line 645.
 1 SYSTEMPATH\Database\BaseBuilder.php(2309): CodeIgniter\Database\BaseConnection->query('INSERT INTO `new_house` (`u_id`, `house_no`, `address`, `about`, `description`, `members`, `rent`, `city`, `state`, `zipcode`, `BHK`, `image`) VALUES (:u_id:, :house_no:, :address:, :about:, :description:, :members:, :rent:, :city:, :state:, :zipcode:, :BHK:, :image:)', [...], false)
 2 APPPATH\Models\dbmodels.php(210): CodeIgniter\Database\BaseBuilder->insert([...])
 3 APPPATH\Controllers\dbcontrollers.php(254): App\Models\Dbmodels->new_house_data_model([...])
 4 SYSTEMPATH\CodeIgniter.php(934): App\Controllers\dbcontrollers->demo_reg()
 5 SYSTEMPATH\CodeIgniter.php(499): CodeIgniter\CodeIgniter->runController(Object(App\Controllers\dbcontrollers))
 6 SYSTEMPATH\CodeIgniter.php(368): CodeIgniter\CodeIgniter->handleRequest(null, Object(Config\Cache), false)
 7 FCPATH\index.php(67): CodeIgniter\CodeIgniter->run()
ERROR - 2023-05-10 16:55:18 --> mysqli_sql_exception: Duplicate entry 'FMOW_1002' for key 'u_id' in C:\xampp\htdocs\Flatmates\system\Database\MySQLi\Connection.php:295
Stack trace:
#0 C:\xampp\htdocs\Flatmates\system\Database\MySQLi\Connection.php(295): mysqli->query('INSERT INTO `ne...', 0)
#1 C:\xampp\htdocs\Flatmates\system\Database\BaseConnection.php(691): CodeIgniter\Database\MySQLi\Connection->execute('INSERT INTO `ne...')
#2 C:\xampp\htdocs\Flatmates\system\Database\BaseConnection.php(605): CodeIgniter\Database\BaseConnection->simpleQuery('INSERT INTO `ne...')
#3 C:\xampp\htdocs\Flatmates\system\Database\BaseBuilder.php(2309): CodeIgniter\Database\BaseConnection->query('INSERT INTO `ne...', Array, false)
#4 C:\xampp\htdocs\Flatmates\app\Models\dbmodels.php(210): CodeIgniter\Database\BaseBuilder->insert(Array)
#5 C:\xampp\htdocs\Flatmates\app\Controllers\dbcontrollers.php(254): App\Models\Dbmodels->new_house_data_model(Array)
#6 C:\xampp\htdocs\Flatmates\system\CodeIgniter.php(934): App\Controllers\dbcontrollers->demo_reg()
#7 C:\xampp\htdocs\Flatmates\system\CodeIgniter.php(499): CodeIgniter\CodeIgniter->runController(Object(App\Controllers\dbcontrollers))
#8 C:\xampp\htdocs\Flatmates\system\CodeIgniter.php(368): CodeIgniter\CodeIgniter->handleRequest(NULL, Object(Config\Cache), false)
#9 C:\xampp\htdocs\Flatmates\public\index.php(67): CodeIgniter\CodeIgniter->run()
#10 {main}
CRITICAL - 2023-05-10 16:55:18 --> Duplicate entry 'FMOW_1002' for key 'u_id'
in SYSTEMPATH\Database\BaseConnection.php on line 645.
 1 SYSTEMPATH\Database\BaseBuilder.php(2309): CodeIgniter\Database\BaseConnection->query('INSERT INTO `new_house` (`u_id`, `house_no`, `address`, `about`, `description`, `members`, `rent`, `city`, `state`, `zipcode`, `BHK`, `image`) VALUES (:u_id:, :house_no:, :address:, :about:, :description:, :members:, :rent:, :city:, :state:, :zipcode:, :BHK:, :image:)', [...], false)
 2 APPPATH\Models\dbmodels.php(210): CodeIgniter\Database\BaseBuilder->insert([...])
 3 APPPATH\Controllers\dbcontrollers.php(254): App\Models\Dbmodels->new_house_data_model([...])
 4 SYSTEMPATH\CodeIgniter.php(934): App\Controllers\dbcontrollers->demo_reg()
 5 SYSTEMPATH\CodeIgniter.php(499): CodeIgniter\CodeIgniter->runController(Object(App\Controllers\dbcontrollers))
 6 SYSTEMPATH\CodeIgniter.php(368): CodeIgniter\CodeIgniter->handleRequest(null, Object(Config\Cache), false)
 7 FCPATH\index.php(67): CodeIgniter\CodeIgniter->run()
CRITICAL - 2023-05-10 16:57:59 --> Class "App\Models\Dbmodels" not found
in APPPATH\Controllers\Home.php on line 21.
 1 SYSTEMPATH\CodeIgniter.php(906): App\Controllers\Home->__construct()
 2 SYSTEMPATH\CodeIgniter.php(490): CodeIgniter\CodeIgniter->createController()
 3 SYSTEMPATH\CodeIgniter.php(368): CodeIgniter\CodeIgniter->handleRequest(null, Object(Config\Cache), false)
 4 FCPATH\index.php(67): CodeIgniter\CodeIgniter->run()
CRITICAL - 2023-05-10 16:58:00 --> Class "App\Models\Dbmodels" not found
in APPPATH\Controllers\Home.php on line 21.
 1 SYSTEMPATH\CodeIgniter.php(906): App\Controllers\Home->__construct()
 2 SYSTEMPATH\CodeIgniter.php(490): CodeIgniter\CodeIgniter->createController()
 3 SYSTEMPATH\CodeIgniter.php(368): CodeIgniter\CodeIgniter->handleRequest(null, Object(Config\Cache), false)
 4 FCPATH\index.php(67): CodeIgniter\CodeIgniter->run()
CRITICAL - 2023-05-10 16:58:01 --> Class "App\Models\Dbmodels" not found
in APPPATH\Controllers\Home.php on line 21.
 1 SYSTEMPATH\CodeIgniter.php(906): App\Controllers\Home->__construct()
 2 SYSTEMPATH\CodeIgniter.php(490): CodeIgniter\CodeIgniter->createController()
 3 SYSTEMPATH\CodeIgniter.php(368): CodeIgniter\CodeIgniter->handleRequest(null, Object(Config\Cache), false)
 4 FCPATH\index.php(67): CodeIgniter\CodeIgniter->run()
CRITICAL - 2023-05-10 16:58:02 --> Class "App\Models\Dbmodels" not found
in APPPATH\Controllers\Home.php on line 21.
 1 SYSTEMPATH\CodeIgniter.php(906): App\Controllers\Home->__construct()
 2 SYSTEMPATH\CodeIgniter.php(490): CodeIgniter\CodeIgniter->createController()
 3 SYSTEMPATH\CodeIgniter.php(368): CodeIgniter\CodeIgniter->handleRequest(null, Object(Config\Cache), false)
 4 FCPATH\index.php(67): CodeIgniter\CodeIgniter->run()
CRITICAL - 2023-05-10 16:58:03 --> Class "App\Models\Dbmodels" not found
in APPPATH\Controllers\Home.php on line 21.
 1 SYSTEMPATH\CodeIgniter.php(906): App\Controllers\Home->__construct()
 2 SYSTEMPATH\CodeIgniter.php(490): CodeIgniter\CodeIgniter->createController()
 3 SYSTEMPATH\CodeIgniter.php(368): CodeIgniter\CodeIgniter->handleRequest(null, Object(Config\Cache), false)
 4 FCPATH\index.php(67): CodeIgniter\CodeIgniter->run()
CRITICAL - 2023-05-10 16:58:03 --> Class "App\Models\Dbmodels" not found
in APPPATH\Controllers\Home.php on line 21.
 1 SYSTEMPATH\CodeIgniter.php(906): App\Controllers\Home->__construct()
 2 SYSTEMPATH\CodeIgniter.php(490): CodeIgniter\CodeIgniter->createController()
 3 SYSTEMPATH\CodeIgniter.php(368): CodeIgniter\CodeIgniter->handleRequest(null, Object(Config\Cache), false)
 4 FCPATH\index.php(67): CodeIgniter\CodeIgniter->run()
CRITICAL - 2023-05-10 16:58:03 --> Class "App\Models\Dbmodels" not found
in APPPATH\Controllers\Home.php on line 21.
 1 SYSTEMPATH\CodeIgniter.php(906): App\Controllers\Home->__construct()
 2 SYSTEMPATH\CodeIgniter.php(490): CodeIgniter\CodeIgniter->createController()
 3 SYSTEMPATH\CodeIgniter.php(368): CodeIgniter\CodeIgniter->handleRequest(null, Object(Config\Cache), false)
 4 FCPATH\index.php(67): CodeIgniter\CodeIgniter->run()
CRITICAL - 2023-05-10 16:58:04 --> Class "App\Models\Dbmodels" not found
in APPPATH\Controllers\Home.php on line 21.
 1 SYSTEMPATH\CodeIgniter.php(906): App\Controllers\Home->__construct()
 2 SYSTEMPATH\CodeIgniter.php(490): CodeIgniter\CodeIgniter->createController()
 3 SYSTEMPATH\CodeIgniter.php(368): CodeIgniter\CodeIgniter->handleRequest(null, Object(Config\Cache), false)
 4 FCPATH\index.php(67): CodeIgniter\CodeIgniter->run()
CRITICAL - 2023-05-10 16:58:04 --> Class "App\Models\Dbmodels" not found
in APPPATH\Controllers\Home.php on line 21.
 1 SYSTEMPATH\CodeIgniter.php(906): App\Controllers\Home->__construct()
 2 SYSTEMPATH\CodeIgniter.php(490): CodeIgniter\CodeIgniter->createController()
 3 SYSTEMPATH\CodeIgniter.php(368): CodeIgniter\CodeIgniter->handleRequest(null, Object(Config\Cache), false)
 4 FCPATH\index.php(67): CodeIgniter\CodeIgniter->run()
CRITICAL - 2023-05-10 16:58:17 --> Class "App\Models\Dbmodels" not found
in APPPATH\Controllers\Home.php on line 21.
 1 SYSTEMPATH\CodeIgniter.php(906): App\Controllers\Home->__construct()
 2 SYSTEMPATH\CodeIgniter.php(490): CodeIgniter\CodeIgniter->createController()
 3 SYSTEMPATH\CodeIgniter.php(368): CodeIgniter\CodeIgniter->handleRequest(null, Object(Config\Cache), false)
 4 FCPATH\index.php(67): CodeIgniter\CodeIgniter->run()
CRITICAL - 2023-05-10 16:58:52 --> Class "App\Models\Dbmodels" not found
in APPPATH\Controllers\Home.php on line 21.
 1 SYSTEMPATH\CodeIgniter.php(906): App\Controllers\Home->__construct()
 2 SYSTEMPATH\CodeIgniter.php(490): CodeIgniter\CodeIgniter->createController()
 3 SYSTEMPATH\CodeIgniter.php(368): CodeIgniter\CodeIgniter->handleRequest(null, Object(Config\Cache), false)
 4 FCPATH\index.php(67): CodeIgniter\CodeIgniter->run()
CRITICAL - 2023-05-10 16:58:56 --> Class "App\Models\Dbmodels" not found
in APPPATH\Controllers\Home.php on line 21.
 1 SYSTEMPATH\CodeIgniter.php(906): App\Controllers\Home->__construct()
 2 SYSTEMPATH\CodeIgniter.php(490): CodeIgniter\CodeIgniter->createController()
 3 SYSTEMPATH\CodeIgniter.php(368): CodeIgniter\CodeIgniter->handleRequest(null, Object(Config\Cache), false)
 4 FCPATH\index.php(67): CodeIgniter\CodeIgniter->run()
CRITICAL - 2023-05-10 18:38:04 --> Class "App\Models\Dbmodels" not found
in APPPATH\Controllers\Home.php on line 21.
 1 SYSTEMPATH\CodeIgniter.php(906): App\Controllers\Home->__construct()
 2 SYSTEMPATH\CodeIgniter.php(490): CodeIgniter\CodeIgniter->createController()
 3 SYSTEMPATH\CodeIgniter.php(368): CodeIgniter\CodeIgniter->handleRequest(null, Object(Config\Cache), false)
 4 FCPATH\index.php(67): CodeIgniter\CodeIgniter->run()
CRITICAL - 2023-05-10 18:38:07 --> Class "App\Models\Dbmodels" not found
in APPPATH\Controllers\Home.php on line 21.
 1 SYSTEMPATH\CodeIgniter.php(906): App\Controllers\Home->__construct()
 2 SYSTEMPATH\CodeIgniter.php(490): CodeIgniter\CodeIgniter->createController()
 3 SYSTEMPATH\CodeIgniter.php(368): CodeIgniter\CodeIgniter->handleRequest(null, Object(Config\Cache), false)
 4 FCPATH\index.php(67): CodeIgniter\CodeIgniter->run()
CRITICAL - 2023-05-10 18:38:46 --> Class "App\Models\Dbmodels" not found
in APPPATH\Controllers\Home.php on line 21.
 1 SYSTEMPATH\CodeIgniter.php(906): App\Controllers\Home->__construct()
 2 SYSTEMPATH\CodeIgniter.php(490): CodeIgniter\CodeIgniter->createController()
 3 SYSTEMPATH\CodeIgniter.php(368): CodeIgniter\CodeIgniter->handleRequest(null, Object(Config\Cache), false)
 4 FCPATH\index.php(67): CodeIgniter\CodeIgniter->run()
