ERROR - 2023-05-11 05:22:16 --> mysqli_sql_exception: Column 'u_id' cannot be null in C:\xampp\htdocs\Flatmates\system\Database\MySQLi\Connection.php:295
Stack trace:
#0 C:\xampp\htdocs\Flatmates\system\Database\MySQLi\Connection.php(295): mysqli->query('INSERT INTO `ne...', 0)
#1 C:\xampp\htdocs\Flatmates\system\Database\BaseConnection.php(691): CodeIgniter\Database\MySQLi\Connection->execute('INSERT INTO `ne...')
#2 C:\xampp\htdocs\Flatmates\system\Database\BaseConnection.php(605): CodeIgniter\Database\BaseConnection->simpleQuery('INSERT INTO `ne...')
#3 C:\xampp\htdocs\Flatmates\system\Database\BaseBuilder.php(2309): CodeIgniter\Database\BaseConnection->query('INSERT INTO `ne...', Array, false)
#4 C:\xampp\htdocs\Flatmates\app\Models\dbmodels.php(210): CodeIgniter\Database\BaseBuilder->insert(Array)
#5 C:\xampp\htdocs\Flatmates\app\Controllers\dbcontrollers.php(255): App\Models\Dbmodels->new_house_data_model(Array)
#6 C:\xampp\htdocs\Flatmates\system\CodeIgniter.php(934): App\Controllers\dbcontrollers->demo_reg()
#7 C:\xampp\htdocs\Flatmates\system\CodeIgniter.php(499): CodeIgniter\CodeIgniter->runController(Object(App\Controllers\dbcontrollers))
#8 C:\xampp\htdocs\Flatmates\system\CodeIgniter.php(368): CodeIgniter\CodeIgniter->handleRequest(NULL, Object(Config\Cache), false)
#9 C:\xampp\htdocs\Flatmates\public\index.php(67): CodeIgniter\CodeIgniter->run()
#10 {main}
CRITICAL - 2023-05-11 05:22:16 --> Column 'u_id' cannot be null
in SYSTEMPATH\Database\BaseConnection.php on line 645.
 1 SYSTEMPATH\Database\BaseBuilder.php(2309): CodeIgniter\Database\BaseConnection->query('INSERT INTO `new_house` (`u_id`, `house_no`, `address`, `about`, `description`, `members`, `rent`, `city`, `state`, `zipcode`, `BHK`, `image`) VALUES (:u_id:, :house_no:, :address:, :about:, :description:, :members:, :rent:, :city:, :state:, :zipcode:, :BHK:, :image:)', [...], false)
 2 APPPATH\Models\dbmodels.php(210): CodeIgniter\Database\BaseBuilder->insert([...])
 3 APPPATH\Controllers\dbcontrollers.php(255): App\Models\Dbmodels->new_house_data_model([...])
 4 SYSTEMPATH\CodeIgniter.php(934): App\Controllers\dbcontrollers->demo_reg()
 5 SYSTEMPATH\CodeIgniter.php(499): CodeIgniter\CodeIgniter->runController(Object(App\Controllers\dbcontrollers))
 6 SYSTEMPATH\CodeIgniter.php(368): CodeIgniter\CodeIgniter->handleRequest(null, Object(Config\Cache), false)
 7 FCPATH\index.php(67): CodeIgniter\CodeIgniter->run()
