ERROR - 2023-05-05 05:56:14 --> mysqli_sql_exception: You have an error in your SQL syntax; check the manual that corresponds to your MariaDB server version for the right syntax to use near '`_doc`, `aadhar_doc`, `aadhar_no`, `status`) VALUES ('hai nithi', 'nitheshwar...' at line 1 in C:\xampp\htdocs\Flatmates\system\Database\MySQLi\Connection.php:295
Stack trace:
#0 C:\xampp\htdocs\Flatmates\system\Database\MySQLi\Connection.php(295): mysqli->query('INSERT INTO `te...', 0)
#1 C:\xampp\htdocs\Flatmates\system\Database\BaseConnection.php(691): CodeIgniter\Database\MySQLi\Connection->execute('INSERT INTO `te...')
#2 C:\xampp\htdocs\Flatmates\system\Database\BaseConnection.php(605): CodeIgniter\Database\BaseConnection->simpleQuery('INSERT INTO `te...')
#3 C:\xampp\htdocs\Flatmates\system\Database\BaseBuilder.php(2309): CodeIgniter\Database\BaseConnection->query('INSERT INTO `te...', Array, false)
#4 C:\xampp\htdocs\Flatmates\app\Models\dbmodels.php(37): CodeIgniter\Database\BaseBuilder->insert(Array)
#5 C:\xampp\htdocs\Flatmates\app\Controllers\dbcontrollers.php(41): App\Models\Dbmodels->reg_user_data_model(Array)
#6 C:\xampp\htdocs\Flatmates\system\CodeIgniter.php(934): App\Controllers\dbcontrollers->reg_user_data()
#7 C:\xampp\htdocs\Flatmates\system\CodeIgniter.php(499): CodeIgniter\CodeIgniter->runController(Object(App\Controllers\dbcontrollers))
#8 C:\xampp\htdocs\Flatmates\system\CodeIgniter.php(368): CodeIgniter\CodeIgniter->handleRequest(NULL, Object(Config\Cache), false)
#9 C:\xampp\htdocs\Flatmates\public\index.php(67): CodeIgniter\CodeIgniter->run()
#10 {main}
CRITICAL - 2023-05-05 05:56:14 --> You have an error in your SQL syntax; check the manual that corresponds to your MariaDB server version for the right syntax to use near '`_doc`, `aadhar_doc`, `aadhar_no`, `status`) VALUES ('hai nithi', 'nitheshwar...' at line 1
in SYSTEMPATH\Database\BaseConnection.php on line 645.
 1 SYSTEMPATH\Database\BaseBuilder.php(2309): CodeIgniter\Database\BaseConnection->query('INSERT INTO `tenant_reg` (`name`, `email`, `phone_no`, `password`, `occupation`, `address`, `city`, `state`, `photo_img`, `smartcard` `_doc`, `aadhar_doc`, `aadhar_no`, `status`) VALUES (:name:, :email:, :phone_no:, :password:, :occupation:, :address:, :city:, :state:, :photo_img:, :smartcard _doc:, :aadhar_doc:, :aadhar_no:, :status:)', [...], false)
 2 APPPATH\Models\dbmodels.php(37): CodeIgniter\Database\BaseBuilder->insert([...])
 3 APPPATH\Controllers\dbcontrollers.php(41): App\Models\Dbmodels->reg_user_data_model([...])
 4 SYSTEMPATH\CodeIgniter.php(934): App\Controllers\dbcontrollers->reg_user_data()
 5 SYSTEMPATH\CodeIgniter.php(499): CodeIgniter\CodeIgniter->runController(Object(App\Controllers\dbcontrollers))
 6 SYSTEMPATH\CodeIgniter.php(368): CodeIgniter\CodeIgniter->handleRequest(null, Object(Config\Cache), false)
 7 FCPATH\index.php(67): CodeIgniter\CodeIgniter->run()
CRITICAL - 2023-05-05 06:27:49 --> Undefined array key "owner_mail"
in APPPATH\Models\dbmodels.php on line 75.
 1 APPPATH\Models\dbmodels.php(75): CodeIgniter\Debug\Exceptions->errorHandler(2, 'Undefined array key "owner_mail"', 'APPPATH\\Models\\dbmodels.php', 75)
 2 APPPATH\Controllers\dbcontrollers.php(23): App\Models\Dbmodels->validate_tenantlogin_model([...])
 3 SYSTEMPATH\CodeIgniter.php(934): App\Controllers\dbcontrollers->tenantlogin()
 4 SYSTEMPATH\CodeIgniter.php(499): CodeIgniter\CodeIgniter->runController(Object(App\Controllers\dbcontrollers))
 5 SYSTEMPATH\CodeIgniter.php(368): CodeIgniter\CodeIgniter->handleRequest(null, Object(Config\Cache), false)
 6 FCPATH\index.php(67): CodeIgniter\CodeIgniter->run()
CRITICAL - 2023-05-05 06:27:56 --> Undefined array key "owner_mail"
in APPPATH\Models\dbmodels.php on line 75.
 1 APPPATH\Models\dbmodels.php(75): CodeIgniter\Debug\Exceptions->errorHandler(2, 'Undefined array key "owner_mail"', 'APPPATH\\Models\\dbmodels.php', 75)
 2 APPPATH\Controllers\dbcontrollers.php(23): App\Models\Dbmodels->validate_tenantlogin_model([...])
 3 SYSTEMPATH\CodeIgniter.php(934): App\Controllers\dbcontrollers->tenantlogin()
 4 SYSTEMPATH\CodeIgniter.php(499): CodeIgniter\CodeIgniter->runController(Object(App\Controllers\dbcontrollers))
 5 SYSTEMPATH\CodeIgniter.php(368): CodeIgniter\CodeIgniter->handleRequest(null, Object(Config\Cache), false)
 6 FCPATH\index.php(67): CodeIgniter\CodeIgniter->run()
CRITICAL - 2023-05-05 06:33:00 --> Undefined array key "owner_mail"
in APPPATH\Models\dbmodels.php on line 75.
 1 APPPATH\Models\dbmodels.php(75): CodeIgniter\Debug\Exceptions->errorHandler(2, 'Undefined array key "owner_mail"', 'APPPATH\\Models\\dbmodels.php', 75)
 2 APPPATH\Controllers\dbcontrollers.php(23): App\Models\Dbmodels->validate_tenantlogin_model([...])
 3 SYSTEMPATH\CodeIgniter.php(934): App\Controllers\dbcontrollers->tenantlogin()
 4 SYSTEMPATH\CodeIgniter.php(499): CodeIgniter\CodeIgniter->runController(Object(App\Controllers\dbcontrollers))
 5 SYSTEMPATH\CodeIgniter.php(368): CodeIgniter\CodeIgniter->handleRequest(null, Object(Config\Cache), false)
 6 FCPATH\index.php(67): CodeIgniter\CodeIgniter->run()
ERROR - 2023-05-05 13:39:06 --> mysqli_sql_exception: Unknown column 'smartcard_doc' in 'field list' in C:\xampp\htdocs\Flatmates\system\Database\MySQLi\Connection.php:295
Stack trace:
#0 C:\xampp\htdocs\Flatmates\system\Database\MySQLi\Connection.php(295): mysqli->query('INSERT INTO `te...', 0)
#1 C:\xampp\htdocs\Flatmates\system\Database\BaseConnection.php(691): CodeIgniter\Database\MySQLi\Connection->execute('INSERT INTO `te...')
#2 C:\xampp\htdocs\Flatmates\system\Database\BaseConnection.php(605): CodeIgniter\Database\BaseConnection->simpleQuery('INSERT INTO `te...')
#3 C:\xampp\htdocs\Flatmates\system\Database\BaseBuilder.php(2309): CodeIgniter\Database\BaseConnection->query('INSERT INTO `te...', Array, false)
#4 C:\xampp\htdocs\Flatmates\app\Models\dbmodels.php(37): CodeIgniter\Database\BaseBuilder->insert(Array)
#5 C:\xampp\htdocs\Flatmates\app\Controllers\dbcontrollers.php(41): App\Models\Dbmodels->reg_user_data_model(Array)
#6 C:\xampp\htdocs\Flatmates\system\CodeIgniter.php(934): App\Controllers\dbcontrollers->reg_user_data()
#7 C:\xampp\htdocs\Flatmates\system\CodeIgniter.php(499): CodeIgniter\CodeIgniter->runController(Object(App\Controllers\dbcontrollers))
#8 C:\xampp\htdocs\Flatmates\system\CodeIgniter.php(368): CodeIgniter\CodeIgniter->handleRequest(NULL, Object(Config\Cache), false)
#9 C:\xampp\htdocs\Flatmates\public\index.php(67): CodeIgniter\CodeIgniter->run()
#10 {main}
CRITICAL - 2023-05-05 13:39:06 --> Unknown column 'smartcard_doc' in 'field list'
in SYSTEMPATH\Database\BaseConnection.php on line 645.
 1 SYSTEMPATH\Database\BaseBuilder.php(2309): CodeIgniter\Database\BaseConnection->query('INSERT INTO `tenant_reg` (`name`, `email`, `phone_no`, `password`, `occupation`, `address`, `city`, `state`, `photo_img`, `smartcard_doc`, `aadhar_doc`, `aadhar_no`, `status`) VALUES (:name:, :email:, :phone_no:, :password:, :occupation:, :address:, :city:, :state:, :photo_img:, :smartcard_doc:, :aadhar_doc:, :aadhar_no:, :status:)', [...], false)
 2 APPPATH\Models\dbmodels.php(37): CodeIgniter\Database\BaseBuilder->insert([...])
 3 APPPATH\Controllers\dbcontrollers.php(41): App\Models\Dbmodels->reg_user_data_model([...])
 4 SYSTEMPATH\CodeIgniter.php(934): App\Controllers\dbcontrollers->reg_user_data()
 5 SYSTEMPATH\CodeIgniter.php(499): CodeIgniter\CodeIgniter->runController(Object(App\Controllers\dbcontrollers))
 6 SYSTEMPATH\CodeIgniter.php(368): CodeIgniter\CodeIgniter->handleRequest(null, Object(Config\Cache), false)
 7 FCPATH\index.php(67): CodeIgniter\CodeIgniter->run()
