CRITICAL - 2023-05-07 08:47:55 --> require(config.php): Failed to open stream: No such file or directory
in APPPATH\Views\tenant_filter.php on line 2.
 1 APPPATH\Views\tenant_filter.php(2): CodeIgniter\Debug\Exceptions->errorHandler(2, 'require(config.php): Failed to open stream: No such file or directory', 'APPPATH\\Views\\tenant_filter.php', 2)
 2 APPPATH\Views\tenant_filter.php(2): require()
 3 SYSTEMPATH\View\View.php(213): include('APPPATH\\Views\\tenant_filter.php')
 4 SYSTEMPATH\View\View.php(216): CodeIgniter\View\View->CodeIgniter\View\{closure}()
 5 SYSTEMPATH\Common.php(1184): CodeIgniter\View\View->render('tenant_filter', [], true)
 6 APPPATH\Controllers\Home.php(47): view('tenant_filter')
 7 SYSTEMPATH\CodeIgniter.php(934): App\Controllers\Home->tenant_filter()
 8 SYSTEMPATH\CodeIgniter.php(499): CodeIgniter\CodeIgniter->runController(Object(App\Controllers\Home))
 9 SYSTEMPATH\CodeIgniter.php(368): CodeIgniter\CodeIgniter->handleRequest(null, Object(Config\Cache), false)
10 FCPATH\index.php(67): CodeIgniter\CodeIgniter->run()
CRITICAL - 2023-05-07 08:48:59 --> require(config.php): Failed to open stream: No such file or directory
in APPPATH\Views\tenant_filter.php on line 2.
 1 APPPATH\Views\tenant_filter.php(2): CodeIgniter\Debug\Exceptions->errorHandler(2, 'require(config.php): Failed to open stream: No such file or directory', 'APPPATH\\Views\\tenant_filter.php', 2)
 2 APPPATH\Views\tenant_filter.php(2): require()
 3 SYSTEMPATH\View\View.php(213): include('APPPATH\\Views\\tenant_filter.php')
 4 SYSTEMPATH\View\View.php(216): CodeIgniter\View\View->CodeIgniter\View\{closure}()
 5 SYSTEMPATH\Common.php(1184): CodeIgniter\View\View->render('tenant_filter', [], true)
 6 APPPATH\Controllers\Home.php(47): view('tenant_filter')
 7 SYSTEMPATH\CodeIgniter.php(934): App\Controllers\Home->tenant_filter()
 8 SYSTEMPATH\CodeIgniter.php(499): CodeIgniter\CodeIgniter->runController(Object(App\Controllers\Home))
 9 SYSTEMPATH\CodeIgniter.php(368): CodeIgniter\CodeIgniter->handleRequest(null, Object(Config\Cache), false)
10 FCPATH\index.php(67): CodeIgniter\CodeIgniter->run()
CRITICAL - 2023-05-07 08:49:42 --> require(config.php): Failed to open stream: No such file or directory
in APPPATH\Views\tenant_filter.php on line 2.
 1 APPPATH\Views\tenant_filter.php(2): CodeIgniter\Debug\Exceptions->errorHandler(2, 'require(config.php): Failed to open stream: No such file or directory', 'APPPATH\\Views\\tenant_filter.php', 2)
 2 APPPATH\Views\tenant_filter.php(2): require()
 3 SYSTEMPATH\View\View.php(213): include('APPPATH\\Views\\tenant_filter.php')
 4 SYSTEMPATH\View\View.php(216): CodeIgniter\View\View->CodeIgniter\View\{closure}()
 5 SYSTEMPATH\Common.php(1184): CodeIgniter\View\View->render('tenant_filter', [], true)
 6 APPPATH\Controllers\Home.php(47): view('tenant_filter')
 7 SYSTEMPATH\CodeIgniter.php(934): App\Controllers\Home->tenant_filter()
 8 SYSTEMPATH\CodeIgniter.php(499): CodeIgniter\CodeIgniter->runController(Object(App\Controllers\Home))
 9 SYSTEMPATH\CodeIgniter.php(368): CodeIgniter\CodeIgniter->handleRequest(null, Object(Config\Cache), false)
10 FCPATH\index.php(67): CodeIgniter\CodeIgniter->run()
CRITICAL - 2023-05-07 08:51:51 --> require(config.php): Failed to open stream: No such file or directory
in APPPATH\Views\tenant_filter.php on line 2.
 1 APPPATH\Views\tenant_filter.php(2): CodeIgniter\Debug\Exceptions->errorHandler(2, 'require(config.php): Failed to open stream: No such file or directory', 'APPPATH\\Views\\tenant_filter.php', 2)
 2 APPPATH\Views\tenant_filter.php(2): require()
 3 SYSTEMPATH\View\View.php(213): include('APPPATH\\Views\\tenant_filter.php')
 4 SYSTEMPATH\View\View.php(216): CodeIgniter\View\View->CodeIgniter\View\{closure}()
 5 SYSTEMPATH\Common.php(1184): CodeIgniter\View\View->render('tenant_filter', [], true)
 6 APPPATH\Controllers\Home.php(47): view('tenant_filter')
 7 SYSTEMPATH\CodeIgniter.php(934): App\Controllers\Home->tenant_filter()
 8 SYSTEMPATH\CodeIgniter.php(499): CodeIgniter\CodeIgniter->runController(Object(App\Controllers\Home))
 9 SYSTEMPATH\CodeIgniter.php(368): CodeIgniter\CodeIgniter->handleRequest(null, Object(Config\Cache), false)
10 FCPATH\index.php(67): CodeIgniter\CodeIgniter->run()
CRITICAL - 2023-05-07 08:51:55 --> require(config.php): Failed to open stream: No such file or directory
in APPPATH\Views\tenant_filter.php on line 2.
 1 APPPATH\Views\tenant_filter.php(2): CodeIgniter\Debug\Exceptions->errorHandler(2, 'require(config.php): Failed to open stream: No such file or directory', 'APPPATH\\Views\\tenant_filter.php', 2)
 2 APPPATH\Views\tenant_filter.php(2): require()
 3 SYSTEMPATH\View\View.php(213): include('APPPATH\\Views\\tenant_filter.php')
 4 SYSTEMPATH\View\View.php(216): CodeIgniter\View\View->CodeIgniter\View\{closure}()
 5 SYSTEMPATH\Common.php(1184): CodeIgniter\View\View->render('tenant_filter', [], true)
 6 APPPATH\Controllers\Home.php(47): view('tenant_filter')
 7 SYSTEMPATH\CodeIgniter.php(934): App\Controllers\Home->tenant_filter()
 8 SYSTEMPATH\CodeIgniter.php(499): CodeIgniter\CodeIgniter->runController(Object(App\Controllers\Home))
 9 SYSTEMPATH\CodeIgniter.php(368): CodeIgniter\CodeIgniter->handleRequest(null, Object(Config\Cache), false)
10 FCPATH\index.php(67): CodeIgniter\CodeIgniter->run()
CRITICAL - 2023-05-07 08:52:08 --> require(config.php): Failed to open stream: No such file or directory
in APPPATH\Views\tenant_filter.php on line 2.
 1 APPPATH\Views\tenant_filter.php(2): CodeIgniter\Debug\Exceptions->errorHandler(2, 'require(config.php): Failed to open stream: No such file or directory', 'APPPATH\\Views\\tenant_filter.php', 2)
 2 APPPATH\Views\tenant_filter.php(2): require()
 3 SYSTEMPATH\View\View.php(213): include('APPPATH\\Views\\tenant_filter.php')
 4 SYSTEMPATH\View\View.php(216): CodeIgniter\View\View->CodeIgniter\View\{closure}()
 5 SYSTEMPATH\Common.php(1184): CodeIgniter\View\View->render('tenant_filter', [], true)
 6 APPPATH\Controllers\Home.php(47): view('tenant_filter')
 7 SYSTEMPATH\CodeIgniter.php(934): App\Controllers\Home->tenant_filter()
 8 SYSTEMPATH\CodeIgniter.php(499): CodeIgniter\CodeIgniter->runController(Object(App\Controllers\Home))
 9 SYSTEMPATH\CodeIgniter.php(368): CodeIgniter\CodeIgniter->handleRequest(null, Object(Config\Cache), false)
10 FCPATH\index.php(67): CodeIgniter\CodeIgniter->run()
CRITICAL - 2023-05-07 08:52:19 --> Undefined variable $row
in APPPATH\Views\tenant_filter.php on line 54.
 1 APPPATH\Views\tenant_filter.php(54): CodeIgniter\Debug\Exceptions->errorHandler(2, 'Undefined variable $row', 'APPPATH\\Views\\tenant_filter.php', 54)
 2 SYSTEMPATH\View\View.php(213): include('APPPATH\\Views\\tenant_filter.php')
 3 SYSTEMPATH\View\View.php(216): CodeIgniter\View\View->CodeIgniter\View\{closure}()
 4 SYSTEMPATH\Common.php(1184): CodeIgniter\View\View->render('tenant_filter', [], true)
 5 APPPATH\Controllers\Home.php(47): view('tenant_filter')
 6 SYSTEMPATH\CodeIgniter.php(934): App\Controllers\Home->tenant_filter()
 7 SYSTEMPATH\CodeIgniter.php(499): CodeIgniter\CodeIgniter->runController(Object(App\Controllers\Home))
 8 SYSTEMPATH\CodeIgniter.php(368): CodeIgniter\CodeIgniter->handleRequest(null, Object(Config\Cache), false)
 9 FCPATH\index.php(67): CodeIgniter\CodeIgniter->run()
CRITICAL - 2023-05-07 08:55:01 --> Undefined variable $conn
in APPPATH\Views\tenant_filter.php on line 44.
 1 APPPATH\Views\tenant_filter.php(44): CodeIgniter\Debug\Exceptions->errorHandler(2, 'Undefined variable $conn', 'APPPATH\\Views\\tenant_filter.php', 44)
 2 SYSTEMPATH\View\View.php(213): include('APPPATH\\Views\\tenant_filter.php')
 3 SYSTEMPATH\View\View.php(216): CodeIgniter\View\View->CodeIgniter\View\{closure}()
 4 SYSTEMPATH\Common.php(1184): CodeIgniter\View\View->render('tenant_filter', [], true)
 5 APPPATH\Controllers\Home.php(47): view('tenant_filter')
 6 SYSTEMPATH\CodeIgniter.php(934): App\Controllers\Home->tenant_filter()
 7 SYSTEMPATH\CodeIgniter.php(499): CodeIgniter\CodeIgniter->runController(Object(App\Controllers\Home))
 8 SYSTEMPATH\CodeIgniter.php(368): CodeIgniter\CodeIgniter->handleRequest(null, Object(Config\Cache), false)
 9 FCPATH\index.php(67): CodeIgniter\CodeIgniter->run()
CRITICAL - 2023-05-07 08:59:02 --> Undefined variable $districts
in APPPATH\Views\tenant_filter.php on line 39.
 1 APPPATH\Views\tenant_filter.php(39): CodeIgniter\Debug\Exceptions->errorHandler(2, 'Undefined variable $districts', 'APPPATH\\Views\\tenant_filter.php', 39)
 2 SYSTEMPATH\View\View.php(213): include('APPPATH\\Views\\tenant_filter.php')
 3 SYSTEMPATH\View\View.php(216): CodeIgniter\View\View->CodeIgniter\View\{closure}()
 4 SYSTEMPATH\Common.php(1184): CodeIgniter\View\View->render('tenant_filter', [], true)
 5 APPPATH\Controllers\Home.php(47): view('tenant_filter')
 6 SYSTEMPATH\CodeIgniter.php(934): App\Controllers\Home->tenant_filter()
 7 SYSTEMPATH\CodeIgniter.php(499): CodeIgniter\CodeIgniter->runController(Object(App\Controllers\Home))
 8 SYSTEMPATH\CodeIgniter.php(368): CodeIgniter\CodeIgniter->handleRequest(null, Object(Config\Cache), false)
 9 FCPATH\index.php(67): CodeIgniter\CodeIgniter->run()
CRITICAL - 2023-05-07 09:02:50 --> Undefined variable $districts
in APPPATH\Views\tenant_filter.php on line 39.
 1 APPPATH\Views\tenant_filter.php(39): CodeIgniter\Debug\Exceptions->errorHandler(2, 'Undefined variable $districts', 'APPPATH\\Views\\tenant_filter.php', 39)
 2 SYSTEMPATH\View\View.php(213): include('APPPATH\\Views\\tenant_filter.php')
 3 SYSTEMPATH\View\View.php(216): CodeIgniter\View\View->CodeIgniter\View\{closure}()
 4 SYSTEMPATH\Common.php(1184): CodeIgniter\View\View->render('tenant_filter', [], true)
 5 APPPATH\Controllers\Home.php(47): view('tenant_filter')
 6 SYSTEMPATH\CodeIgniter.php(934): App\Controllers\Home->tenant_filter()
 7 SYSTEMPATH\CodeIgniter.php(499): CodeIgniter\CodeIgniter->runController(Object(App\Controllers\Home))
 8 SYSTEMPATH\CodeIgniter.php(368): CodeIgniter\CodeIgniter->handleRequest(null, Object(Config\Cache), false)
 9 FCPATH\index.php(67): CodeIgniter\CodeIgniter->run()
CRITICAL - 2023-05-07 09:06:53 --> Undefined variable $conn
in APPPATH\Views\tenant_filter.php on line 38.
 1 APPPATH\Views\tenant_filter.php(38): CodeIgniter\Debug\Exceptions->errorHandler(2, 'Undefined variable $conn', 'APPPATH\\Views\\tenant_filter.php', 38)
 2 SYSTEMPATH\View\View.php(213): include('APPPATH\\Views\\tenant_filter.php')
 3 SYSTEMPATH\View\View.php(216): CodeIgniter\View\View->CodeIgniter\View\{closure}()
 4 SYSTEMPATH\Common.php(1184): CodeIgniter\View\View->render('tenant_filter', [], true)
 5 APPPATH\Controllers\Home.php(47): view('tenant_filter')
 6 SYSTEMPATH\CodeIgniter.php(934): App\Controllers\Home->tenant_filter()
 7 SYSTEMPATH\CodeIgniter.php(499): CodeIgniter\CodeIgniter->runController(Object(App\Controllers\Home))
 8 SYSTEMPATH\CodeIgniter.php(368): CodeIgniter\CodeIgniter->handleRequest(null, Object(Config\Cache), false)
 9 FCPATH\index.php(67): CodeIgniter\CodeIgniter->run()
CRITICAL - 2023-05-07 09:08:13 --> Undefined variable $conn
in APPPATH\Views\tenant_filter.php on line 38.
 1 APPPATH\Views\tenant_filter.php(38): CodeIgniter\Debug\Exceptions->errorHandler(2, 'Undefined variable $conn', 'APPPATH\\Views\\tenant_filter.php', 38)
 2 SYSTEMPATH\View\View.php(213): include('APPPATH\\Views\\tenant_filter.php')
 3 SYSTEMPATH\View\View.php(216): CodeIgniter\View\View->CodeIgniter\View\{closure}()
 4 SYSTEMPATH\Common.php(1184): CodeIgniter\View\View->render('tenant_filter', [], true)
 5 APPPATH\Controllers\Home.php(47): view('tenant_filter')
 6 SYSTEMPATH\CodeIgniter.php(934): App\Controllers\Home->tenant_filter()
 7 SYSTEMPATH\CodeIgniter.php(499): CodeIgniter\CodeIgniter->runController(Object(App\Controllers\Home))
 8 SYSTEMPATH\CodeIgniter.php(368): CodeIgniter\CodeIgniter->handleRequest(null, Object(Config\Cache), false)
 9 FCPATH\index.php(67): CodeIgniter\CodeIgniter->run()
CRITICAL - 2023-05-07 09:22:25 --> Undefined variable $districts
in APPPATH\Views\tenant_filter.php on line 36.
 1 APPPATH\Views\tenant_filter.php(36): CodeIgniter\Debug\Exceptions->errorHandler(2, 'Undefined variable $districts', 'APPPATH\\Views\\tenant_filter.php', 36)
 2 SYSTEMPATH\View\View.php(213): include('APPPATH\\Views\\tenant_filter.php')
 3 SYSTEMPATH\View\View.php(216): CodeIgniter\View\View->CodeIgniter\View\{closure}()
 4 SYSTEMPATH\Common.php(1184): CodeIgniter\View\View->render('tenant_filter', [], true)
 5 APPPATH\Controllers\Home.php(47): view('tenant_filter')
 6 SYSTEMPATH\CodeIgniter.php(934): App\Controllers\Home->tenant_filter()
 7 SYSTEMPATH\CodeIgniter.php(499): CodeIgniter\CodeIgniter->runController(Object(App\Controllers\Home))
 8 SYSTEMPATH\CodeIgniter.php(368): CodeIgniter\CodeIgniter->handleRequest(null, Object(Config\Cache), false)
 9 FCPATH\index.php(67): CodeIgniter\CodeIgniter->run()
CRITICAL - 2023-05-07 09:22:26 --> Undefined variable $districts
in APPPATH\Views\tenant_filter.php on line 36.
 1 APPPATH\Views\tenant_filter.php(36): CodeIgniter\Debug\Exceptions->errorHandler(2, 'Undefined variable $districts', 'APPPATH\\Views\\tenant_filter.php', 36)
 2 SYSTEMPATH\View\View.php(213): include('APPPATH\\Views\\tenant_filter.php')
 3 SYSTEMPATH\View\View.php(216): CodeIgniter\View\View->CodeIgniter\View\{closure}()
 4 SYSTEMPATH\Common.php(1184): CodeIgniter\View\View->render('tenant_filter', [], true)
 5 APPPATH\Controllers\Home.php(47): view('tenant_filter')
 6 SYSTEMPATH\CodeIgniter.php(934): App\Controllers\Home->tenant_filter()
 7 SYSTEMPATH\CodeIgniter.php(499): CodeIgniter\CodeIgniter->runController(Object(App\Controllers\Home))
 8 SYSTEMPATH\CodeIgniter.php(368): CodeIgniter\CodeIgniter->handleRequest(null, Object(Config\Cache), false)
 9 FCPATH\index.php(67): CodeIgniter\CodeIgniter->run()
CRITICAL - 2023-05-07 09:23:19 --> Undefined variable $districts
in APPPATH\Views\tenant_filter.php on line 36.
 1 APPPATH\Views\tenant_filter.php(36): CodeIgniter\Debug\Exceptions->errorHandler(2, 'Undefined variable $districts', 'APPPATH\\Views\\tenant_filter.php', 36)
 2 SYSTEMPATH\View\View.php(213): include('APPPATH\\Views\\tenant_filter.php')
 3 SYSTEMPATH\View\View.php(216): CodeIgniter\View\View->CodeIgniter\View\{closure}()
 4 SYSTEMPATH\Common.php(1184): CodeIgniter\View\View->render('tenant_filter', [], true)
 5 APPPATH\Controllers\Home.php(47): view('tenant_filter')
 6 SYSTEMPATH\CodeIgniter.php(934): App\Controllers\Home->tenant_filter()
 7 SYSTEMPATH\CodeIgniter.php(499): CodeIgniter\CodeIgniter->runController(Object(App\Controllers\Home))
 8 SYSTEMPATH\CodeIgniter.php(368): CodeIgniter\CodeIgniter->handleRequest(null, Object(Config\Cache), false)
 9 FCPATH\index.php(67): CodeIgniter\CodeIgniter->run()
CRITICAL - 2023-05-07 09:23:38 --> Undefined variable $district
in APPPATH\Views\tenant_filter.php on line 40.
 1 APPPATH\Views\tenant_filter.php(40): CodeIgniter\Debug\Exceptions->errorHandler(2, 'Undefined variable $district', 'APPPATH\\Views\\tenant_filter.php', 40)
 2 SYSTEMPATH\View\View.php(213): include('APPPATH\\Views\\tenant_filter.php')
 3 SYSTEMPATH\View\View.php(216): CodeIgniter\View\View->CodeIgniter\View\{closure}()
 4 SYSTEMPATH\Common.php(1184): CodeIgniter\View\View->render('tenant_filter', [], true)
 5 APPPATH\Controllers\Home.php(47): view('tenant_filter')
 6 SYSTEMPATH\CodeIgniter.php(934): App\Controllers\Home->tenant_filter()
 7 SYSTEMPATH\CodeIgniter.php(499): CodeIgniter\CodeIgniter->runController(Object(App\Controllers\Home))
 8 SYSTEMPATH\CodeIgniter.php(368): CodeIgniter\CodeIgniter->handleRequest(null, Object(Config\Cache), false)
 9 FCPATH\index.php(67): CodeIgniter\CodeIgniter->run()
CRITICAL - 2023-05-07 09:23:40 --> Undefined variable $district
in APPPATH\Views\tenant_filter.php on line 40.
 1 APPPATH\Views\tenant_filter.php(40): CodeIgniter\Debug\Exceptions->errorHandler(2, 'Undefined variable $district', 'APPPATH\\Views\\tenant_filter.php', 40)
 2 SYSTEMPATH\View\View.php(213): include('APPPATH\\Views\\tenant_filter.php')
 3 SYSTEMPATH\View\View.php(216): CodeIgniter\View\View->CodeIgniter\View\{closure}()
 4 SYSTEMPATH\Common.php(1184): CodeIgniter\View\View->render('tenant_filter', [], true)
 5 APPPATH\Controllers\Home.php(47): view('tenant_filter')
 6 SYSTEMPATH\CodeIgniter.php(934): App\Controllers\Home->tenant_filter()
 7 SYSTEMPATH\CodeIgniter.php(499): CodeIgniter\CodeIgniter->runController(Object(App\Controllers\Home))
 8 SYSTEMPATH\CodeIgniter.php(368): CodeIgniter\CodeIgniter->handleRequest(null, Object(Config\Cache), false)
 9 FCPATH\index.php(67): CodeIgniter\CodeIgniter->run()
CRITICAL - 2023-05-07 09:24:10 --> Undefined variable $district
in APPPATH\Views\tenant_filter.php on line 40.
 1 APPPATH\Views\tenant_filter.php(40): CodeIgniter\Debug\Exceptions->errorHandler(2, 'Undefined variable $district', 'APPPATH\\Views\\tenant_filter.php', 40)
 2 SYSTEMPATH\View\View.php(213): include('APPPATH\\Views\\tenant_filter.php')
 3 SYSTEMPATH\View\View.php(216): CodeIgniter\View\View->CodeIgniter\View\{closure}()
 4 SYSTEMPATH\Common.php(1184): CodeIgniter\View\View->render('tenant_filter', [], true)
 5 APPPATH\Controllers\Home.php(47): view('tenant_filter')
 6 SYSTEMPATH\CodeIgniter.php(934): App\Controllers\Home->tenant_filter()
 7 SYSTEMPATH\CodeIgniter.php(499): CodeIgniter\CodeIgniter->runController(Object(App\Controllers\Home))
 8 SYSTEMPATH\CodeIgniter.php(368): CodeIgniter\CodeIgniter->handleRequest(null, Object(Config\Cache), false)
 9 FCPATH\index.php(67): CodeIgniter\CodeIgniter->run()
CRITICAL - 2023-05-07 09:25:41 --> Undefined variable $districts
in APPPATH\Views\tenant_filter.php on line 36.
 1 APPPATH\Views\tenant_filter.php(36): CodeIgniter\Debug\Exceptions->errorHandler(2, 'Undefined variable $districts', 'APPPATH\\Views\\tenant_filter.php', 36)
 2 SYSTEMPATH\View\View.php(213): include('APPPATH\\Views\\tenant_filter.php')
 3 SYSTEMPATH\View\View.php(216): CodeIgniter\View\View->CodeIgniter\View\{closure}()
 4 SYSTEMPATH\Common.php(1184): CodeIgniter\View\View->render('tenant_filter', [], true)
 5 APPPATH\Controllers\Home.php(47): view('tenant_filter')
 6 SYSTEMPATH\CodeIgniter.php(934): App\Controllers\Home->tenant_filter()
 7 SYSTEMPATH\CodeIgniter.php(499): CodeIgniter\CodeIgniter->runController(Object(App\Controllers\Home))
 8 SYSTEMPATH\CodeIgniter.php(368): CodeIgniter\CodeIgniter->handleRequest(null, Object(Config\Cache), false)
 9 FCPATH\index.php(67): CodeIgniter\CodeIgniter->run()
CRITICAL - 2023-05-07 09:25:44 --> Undefined variable $districts
in APPPATH\Views\tenant_filter.php on line 36.
 1 APPPATH\Views\tenant_filter.php(36): CodeIgniter\Debug\Exceptions->errorHandler(2, 'Undefined variable $districts', 'APPPATH\\Views\\tenant_filter.php', 36)
 2 SYSTEMPATH\View\View.php(213): include('APPPATH\\Views\\tenant_filter.php')
 3 SYSTEMPATH\View\View.php(216): CodeIgniter\View\View->CodeIgniter\View\{closure}()
 4 SYSTEMPATH\Common.php(1184): CodeIgniter\View\View->render('tenant_filter', [], true)
 5 APPPATH\Controllers\Home.php(47): view('tenant_filter')
 6 SYSTEMPATH\CodeIgniter.php(934): App\Controllers\Home->tenant_filter()
 7 SYSTEMPATH\CodeIgniter.php(499): CodeIgniter\CodeIgniter->runController(Object(App\Controllers\Home))
 8 SYSTEMPATH\CodeIgniter.php(368): CodeIgniter\CodeIgniter->handleRequest(null, Object(Config\Cache), false)
 9 FCPATH\index.php(67): CodeIgniter\CodeIgniter->run()
CRITICAL - 2023-05-07 09:28:45 --> Undefined variable $districts
in APPPATH\Views\tenant_filter.php on line 37.
 1 APPPATH\Views\tenant_filter.php(37): CodeIgniter\Debug\Exceptions->errorHandler(2, 'Undefined variable $districts', 'APPPATH\\Views\\tenant_filter.php', 37)
 2 SYSTEMPATH\View\View.php(213): include('APPPATH\\Views\\tenant_filter.php')
 3 SYSTEMPATH\View\View.php(216): CodeIgniter\View\View->CodeIgniter\View\{closure}()
 4 SYSTEMPATH\Common.php(1184): CodeIgniter\View\View->render('tenant_filter', [], true)
 5 APPPATH\Controllers\Home.php(47): view('tenant_filter')
 6 SYSTEMPATH\CodeIgniter.php(934): App\Controllers\Home->tenant_filter()
 7 SYSTEMPATH\CodeIgniter.php(499): CodeIgniter\CodeIgniter->runController(Object(App\Controllers\Home))
 8 SYSTEMPATH\CodeIgniter.php(368): CodeIgniter\CodeIgniter->handleRequest(null, Object(Config\Cache), false)
 9 FCPATH\index.php(67): CodeIgniter\CodeIgniter->run()
CRITICAL - 2023-05-07 09:28:47 --> Undefined variable $districts
in APPPATH\Views\tenant_filter.php on line 37.
 1 APPPATH\Views\tenant_filter.php(37): CodeIgniter\Debug\Exceptions->errorHandler(2, 'Undefined variable $districts', 'APPPATH\\Views\\tenant_filter.php', 37)
 2 SYSTEMPATH\View\View.php(213): include('APPPATH\\Views\\tenant_filter.php')
 3 SYSTEMPATH\View\View.php(216): CodeIgniter\View\View->CodeIgniter\View\{closure}()
 4 SYSTEMPATH\Common.php(1184): CodeIgniter\View\View->render('tenant_filter', [], true)
 5 APPPATH\Controllers\Home.php(47): view('tenant_filter')
 6 SYSTEMPATH\CodeIgniter.php(934): App\Controllers\Home->tenant_filter()
 7 SYSTEMPATH\CodeIgniter.php(499): CodeIgniter\CodeIgniter->runController(Object(App\Controllers\Home))
 8 SYSTEMPATH\CodeIgniter.php(368): CodeIgniter\CodeIgniter->handleRequest(null, Object(Config\Cache), false)
 9 FCPATH\index.php(67): CodeIgniter\CodeIgniter->run()
CRITICAL - 2023-05-07 09:37:29 --> Undefined variable $distric
in APPPATH\Views\tenant_filter.php on line 40.
 1 APPPATH\Views\tenant_filter.php(40): CodeIgniter\Debug\Exceptions->errorHandler(2, 'Undefined variable $distric', 'APPPATH\\Views\\tenant_filter.php', 40)
 2 SYSTEMPATH\View\View.php(213): include('APPPATH\\Views\\tenant_filter.php')
 3 SYSTEMPATH\View\View.php(216): CodeIgniter\View\View->CodeIgniter\View\{closure}()
 4 SYSTEMPATH\Common.php(1184): CodeIgniter\View\View->render('tenant_filter', [], true)
 5 APPPATH\Controllers\Home.php(47): view('tenant_filter')
 6 SYSTEMPATH\CodeIgniter.php(934): App\Controllers\Home->tenant_filter()
 7 SYSTEMPATH\CodeIgniter.php(499): CodeIgniter\CodeIgniter->runController(Object(App\Controllers\Home))
 8 SYSTEMPATH\CodeIgniter.php(368): CodeIgniter\CodeIgniter->handleRequest(null, Object(Config\Cache), false)
 9 FCPATH\index.php(67): CodeIgniter\CodeIgniter->run()
CRITICAL - 2023-05-07 09:47:01 --> Undefined variable $districts
in APPPATH\Views\tenant_filter.php on line 36.
 1 APPPATH\Views\tenant_filter.php(36): CodeIgniter\Debug\Exceptions->errorHandler(2, 'Undefined variable $districts', 'APPPATH\\Views\\tenant_filter.php', 36)
 2 SYSTEMPATH\View\View.php(213): include('APPPATH\\Views\\tenant_filter.php')
 3 SYSTEMPATH\View\View.php(216): CodeIgniter\View\View->CodeIgniter\View\{closure}()
 4 SYSTEMPATH\Common.php(1184): CodeIgniter\View\View->render('tenant_filter', [], true)
 5 APPPATH\Controllers\Home.php(47): view('tenant_filter')
 6 SYSTEMPATH\CodeIgniter.php(934): App\Controllers\Home->tenant_filter()
 7 SYSTEMPATH\CodeIgniter.php(499): CodeIgniter\CodeIgniter->runController(Object(App\Controllers\Home))
 8 SYSTEMPATH\CodeIgniter.php(368): CodeIgniter\CodeIgniter->handleRequest(null, Object(Config\Cache), false)
 9 FCPATH\index.php(67): CodeIgniter\CodeIgniter->run()
CRITICAL - 2023-05-07 09:47:02 --> Undefined variable $districts
in APPPATH\Views\tenant_filter.php on line 36.
 1 APPPATH\Views\tenant_filter.php(36): CodeIgniter\Debug\Exceptions->errorHandler(2, 'Undefined variable $districts', 'APPPATH\\Views\\tenant_filter.php', 36)
 2 SYSTEMPATH\View\View.php(213): include('APPPATH\\Views\\tenant_filter.php')
 3 SYSTEMPATH\View\View.php(216): CodeIgniter\View\View->CodeIgniter\View\{closure}()
 4 SYSTEMPATH\Common.php(1184): CodeIgniter\View\View->render('tenant_filter', [], true)
 5 APPPATH\Controllers\Home.php(47): view('tenant_filter')
 6 SYSTEMPATH\CodeIgniter.php(934): App\Controllers\Home->tenant_filter()
 7 SYSTEMPATH\CodeIgniter.php(499): CodeIgniter\CodeIgniter->runController(Object(App\Controllers\Home))
 8 SYSTEMPATH\CodeIgniter.php(368): CodeIgniter\CodeIgniter->handleRequest(null, Object(Config\Cache), false)
 9 FCPATH\index.php(67): CodeIgniter\CodeIgniter->run()
CRITICAL - 2023-05-07 09:47:03 --> Undefined variable $districts
in APPPATH\Views\tenant_filter.php on line 36.
 1 APPPATH\Views\tenant_filter.php(36): CodeIgniter\Debug\Exceptions->errorHandler(2, 'Undefined variable $districts', 'APPPATH\\Views\\tenant_filter.php', 36)
 2 SYSTEMPATH\View\View.php(213): include('APPPATH\\Views\\tenant_filter.php')
 3 SYSTEMPATH\View\View.php(216): CodeIgniter\View\View->CodeIgniter\View\{closure}()
 4 SYSTEMPATH\Common.php(1184): CodeIgniter\View\View->render('tenant_filter', [], true)
 5 APPPATH\Controllers\Home.php(47): view('tenant_filter')
 6 SYSTEMPATH\CodeIgniter.php(934): App\Controllers\Home->tenant_filter()
 7 SYSTEMPATH\CodeIgniter.php(499): CodeIgniter\CodeIgniter->runController(Object(App\Controllers\Home))
 8 SYSTEMPATH\CodeIgniter.php(368): CodeIgniter\CodeIgniter->handleRequest(null, Object(Config\Cache), false)
 9 FCPATH\index.php(67): CodeIgniter\CodeIgniter->run()
CRITICAL - 2023-05-07 09:47:03 --> Undefined variable $districts
in APPPATH\Views\tenant_filter.php on line 36.
 1 APPPATH\Views\tenant_filter.php(36): CodeIgniter\Debug\Exceptions->errorHandler(2, 'Undefined variable $districts', 'APPPATH\\Views\\tenant_filter.php', 36)
 2 SYSTEMPATH\View\View.php(213): include('APPPATH\\Views\\tenant_filter.php')
 3 SYSTEMPATH\View\View.php(216): CodeIgniter\View\View->CodeIgniter\View\{closure}()
 4 SYSTEMPATH\Common.php(1184): CodeIgniter\View\View->render('tenant_filter', [], true)
 5 APPPATH\Controllers\Home.php(47): view('tenant_filter')
 6 SYSTEMPATH\CodeIgniter.php(934): App\Controllers\Home->tenant_filter()
 7 SYSTEMPATH\CodeIgniter.php(499): CodeIgniter\CodeIgniter->runController(Object(App\Controllers\Home))
 8 SYSTEMPATH\CodeIgniter.php(368): CodeIgniter\CodeIgniter->handleRequest(null, Object(Config\Cache), false)
 9 FCPATH\index.php(67): CodeIgniter\CodeIgniter->run()
CRITICAL - 2023-05-07 09:47:03 --> Undefined variable $districts
in APPPATH\Views\tenant_filter.php on line 36.
 1 APPPATH\Views\tenant_filter.php(36): CodeIgniter\Debug\Exceptions->errorHandler(2, 'Undefined variable $districts', 'APPPATH\\Views\\tenant_filter.php', 36)
 2 SYSTEMPATH\View\View.php(213): include('APPPATH\\Views\\tenant_filter.php')
 3 SYSTEMPATH\View\View.php(216): CodeIgniter\View\View->CodeIgniter\View\{closure}()
 4 SYSTEMPATH\Common.php(1184): CodeIgniter\View\View->render('tenant_filter', [], true)
 5 APPPATH\Controllers\Home.php(47): view('tenant_filter')
 6 SYSTEMPATH\CodeIgniter.php(934): App\Controllers\Home->tenant_filter()
 7 SYSTEMPATH\CodeIgniter.php(499): CodeIgniter\CodeIgniter->runController(Object(App\Controllers\Home))
 8 SYSTEMPATH\CodeIgniter.php(368): CodeIgniter\CodeIgniter->handleRequest(null, Object(Config\Cache), false)
 9 FCPATH\index.php(67): CodeIgniter\CodeIgniter->run()
CRITICAL - 2023-05-07 09:47:04 --> Undefined variable $districts
in APPPATH\Views\tenant_filter.php on line 36.
 1 APPPATH\Views\tenant_filter.php(36): CodeIgniter\Debug\Exceptions->errorHandler(2, 'Undefined variable $districts', 'APPPATH\\Views\\tenant_filter.php', 36)
 2 SYSTEMPATH\View\View.php(213): include('APPPATH\\Views\\tenant_filter.php')
 3 SYSTEMPATH\View\View.php(216): CodeIgniter\View\View->CodeIgniter\View\{closure}()
 4 SYSTEMPATH\Common.php(1184): CodeIgniter\View\View->render('tenant_filter', [], true)
 5 APPPATH\Controllers\Home.php(47): view('tenant_filter')
 6 SYSTEMPATH\CodeIgniter.php(934): App\Controllers\Home->tenant_filter()
 7 SYSTEMPATH\CodeIgniter.php(499): CodeIgniter\CodeIgniter->runController(Object(App\Controllers\Home))
 8 SYSTEMPATH\CodeIgniter.php(368): CodeIgniter\CodeIgniter->handleRequest(null, Object(Config\Cache), false)
 9 FCPATH\index.php(67): CodeIgniter\CodeIgniter->run()
ERROR - 2023-05-07 10:11:49 --> Email: sendWithMail throwed ErrorException: mail(): Failed to connect to mailserver at &quot;localhost&quot; port 25, verify your &quot;SMTP&quot; and &quot;smtp_port&quot; setting in php.ini or use ini_set() in C:\xampp\htdocs\Flatmates\system\Email\Email.php:1735
Stack trace:
#0 [internal function]: CodeIgniter\Debug\Exceptions->errorHandler(2, 'mail(): Failed ...', 'C:\\xampp\\htdocs...', 1735)
#1 C:\xampp\htdocs\Flatmates\system\Email\Email.php(1735): mail('mazzmathan2001@...', '=?UTF-8?Q?Email...', 'hello bro\n', 'Date: Sun, 7 Ma...', '-f flatmates09@...')
#2 C:\xampp\htdocs\Flatmates\system\Email\Email.php(1667): CodeIgniter\Email\Email->sendWithMail()
#3 C:\xampp\htdocs\Flatmates\system\Email\Email.php(1565): CodeIgniter\Email\Email->spoolEmail()
#4 C:\xampp\htdocs\Flatmates\app\Controllers\Home.php(65): CodeIgniter\Email\Email->send()
#5 C:\xampp\htdocs\Flatmates\system\CodeIgniter.php(934): App\Controllers\Home->sendEmail()
#6 C:\xampp\htdocs\Flatmates\system\CodeIgniter.php(499): CodeIgniter\CodeIgniter->runController(Object(App\Controllers\Home))
#7 C:\xampp\htdocs\Flatmates\system\CodeIgniter.php(368): CodeIgniter\CodeIgniter->handleRequest(NULL, Object(Config\Cache), false)
#8 C:\xampp\htdocs\Flatmates\public\index.php(67): CodeIgniter\CodeIgniter->run()
#9 {main}
ERROR - 2023-05-07 10:11:49 --> Email: Unable to send email using PHP mail(). Your server might not be configured to send mail using this method.
ERROR - 2023-05-07 10:11:49 --> 
CRITICAL - 2023-05-07 12:14:14 --> Call to a member function getSize() on null
in APPPATH\Controllers\dbcontrollers.php on line 52.
 1 SYSTEMPATH\CodeIgniter.php(934): App\Controllers\dbcontrollers->reg_user_data()
 2 SYSTEMPATH\CodeIgniter.php(499): CodeIgniter\CodeIgniter->runController(Object(App\Controllers\dbcontrollers))
 3 SYSTEMPATH\CodeIgniter.php(368): CodeIgniter\CodeIgniter->handleRequest(null, Object(Config\Cache), false)
 4 FCPATH\index.php(67): CodeIgniter\CodeIgniter->run()
CRITICAL - 2023-05-07 12:19:02 --> Call to a member function getSize() on null
in APPPATH\Controllers\dbcontrollers.php on line 52.
 1 SYSTEMPATH\CodeIgniter.php(934): App\Controllers\dbcontrollers->reg_user_data()
 2 SYSTEMPATH\CodeIgniter.php(499): CodeIgniter\CodeIgniter->runController(Object(App\Controllers\dbcontrollers))
 3 SYSTEMPATH\CodeIgniter.php(368): CodeIgniter\CodeIgniter->handleRequest(null, Object(Config\Cache), false)
 4 FCPATH\index.php(67): CodeIgniter\CodeIgniter->run()
CRITICAL - 2023-05-07 12:19:12 --> Call to a member function getSize() on null
in APPPATH\Controllers\dbcontrollers.php on line 52.
 1 SYSTEMPATH\CodeIgniter.php(934): App\Controllers\dbcontrollers->reg_user_data()
 2 SYSTEMPATH\CodeIgniter.php(499): CodeIgniter\CodeIgniter->runController(Object(App\Controllers\dbcontrollers))
 3 SYSTEMPATH\CodeIgniter.php(368): CodeIgniter\CodeIgniter->handleRequest(null, Object(Config\Cache), false)
 4 FCPATH\index.php(67): CodeIgniter\CodeIgniter->run()
CRITICAL - 2023-05-07 12:19:18 --> Call to a member function getSize() on null
in APPPATH\Controllers\dbcontrollers.php on line 52.
 1 SYSTEMPATH\CodeIgniter.php(934): App\Controllers\dbcontrollers->reg_user_data()
 2 SYSTEMPATH\CodeIgniter.php(499): CodeIgniter\CodeIgniter->runController(Object(App\Controllers\dbcontrollers))
 3 SYSTEMPATH\CodeIgniter.php(368): CodeIgniter\CodeIgniter->handleRequest(null, Object(Config\Cache), false)
 4 FCPATH\index.php(67): CodeIgniter\CodeIgniter->run()
CRITICAL - 2023-05-07 12:19:23 --> Call to a member function getSize() on null
in APPPATH\Controllers\dbcontrollers.php on line 52.
 1 SYSTEMPATH\CodeIgniter.php(934): App\Controllers\dbcontrollers->reg_user_data()
 2 SYSTEMPATH\CodeIgniter.php(499): CodeIgniter\CodeIgniter->runController(Object(App\Controllers\dbcontrollers))
 3 SYSTEMPATH\CodeIgniter.php(368): CodeIgniter\CodeIgniter->handleRequest(null, Object(Config\Cache), false)
 4 FCPATH\index.php(67): CodeIgniter\CodeIgniter->run()
CRITICAL - 2023-05-07 12:19:39 --> Call to a member function getSize() on null
in APPPATH\Controllers\dbcontrollers.php on line 52.
 1 SYSTEMPATH\CodeIgniter.php(934): App\Controllers\dbcontrollers->reg_user_data()
 2 SYSTEMPATH\CodeIgniter.php(499): CodeIgniter\CodeIgniter->runController(Object(App\Controllers\dbcontrollers))
 3 SYSTEMPATH\CodeIgniter.php(368): CodeIgniter\CodeIgniter->handleRequest(null, Object(Config\Cache), false)
 4 FCPATH\index.php(67): CodeIgniter\CodeIgniter->run()
CRITICAL - 2023-05-07 12:20:15 --> Call to a member function getSize() on null
in APPPATH\Controllers\dbcontrollers.php on line 52.
 1 SYSTEMPATH\CodeIgniter.php(934): App\Controllers\dbcontrollers->reg_user_data()
 2 SYSTEMPATH\CodeIgniter.php(499): CodeIgniter\CodeIgniter->runController(Object(App\Controllers\dbcontrollers))
 3 SYSTEMPATH\CodeIgniter.php(368): CodeIgniter\CodeIgniter->handleRequest(null, Object(Config\Cache), false)
 4 FCPATH\index.php(67): CodeIgniter\CodeIgniter->run()
CRITICAL - 2023-05-07 12:20:29 --> syntax error, unexpected variable "$res", expecting "function" or "const"
in APPPATH\Controllers\dbcontrollers.php on line 68.
 1 SYSTEMPATH\Router\Router.php(507): CodeIgniter\Router\AutoRouter->getRoute('Dbcontrollers/reg_user_data')
 2 SYSTEMPATH\Router\Router.php(206): CodeIgniter\Router\Router->autoRoute('Dbcontrollers/reg_user_data')
 3 SYSTEMPATH\CodeIgniter.php(815): CodeIgniter\Router\Router->handle('Dbcontrollers/reg_user_data')
 4 SYSTEMPATH\CodeIgniter.php(449): CodeIgniter\CodeIgniter->tryToRouteIt(Object(CodeIgniter\Router\RouteCollection))
 5 SYSTEMPATH\CodeIgniter.php(368): CodeIgniter\CodeIgniter->handleRequest(null, Object(Config\Cache), false)
 6 FCPATH\index.php(67): CodeIgniter\CodeIgniter->run()
CRITICAL - 2023-05-07 12:23:28 --> Call to a member function getSize() on null
in APPPATH\Controllers\dbcontrollers.php on line 52.
 1 SYSTEMPATH\CodeIgniter.php(934): App\Controllers\dbcontrollers->reg_user_data()
 2 SYSTEMPATH\CodeIgniter.php(499): CodeIgniter\CodeIgniter->runController(Object(App\Controllers\dbcontrollers))
 3 SYSTEMPATH\CodeIgniter.php(368): CodeIgniter\CodeIgniter->handleRequest(null, Object(Config\Cache), false)
 4 FCPATH\index.php(67): CodeIgniter\CodeIgniter->run()
CRITICAL - 2023-05-07 12:25:23 --> Call to a member function getSize() on null
in APPPATH\Controllers\dbcontrollers.php on line 52.
 1 SYSTEMPATH\CodeIgniter.php(934): App\Controllers\dbcontrollers->reg_user_data()
 2 SYSTEMPATH\CodeIgniter.php(499): CodeIgniter\CodeIgniter->runController(Object(App\Controllers\dbcontrollers))
 3 SYSTEMPATH\CodeIgniter.php(368): CodeIgniter\CodeIgniter->handleRequest(null, Object(Config\Cache), false)
 4 FCPATH\index.php(67): CodeIgniter\CodeIgniter->run()
CRITICAL - 2023-05-07 12:27:49 --> Call to a member function getSize() on null
in APPPATH\Controllers\dbcontrollers.php on line 56.
 1 SYSTEMPATH\CodeIgniter.php(934): App\Controllers\dbcontrollers->reg_user_data()
 2 SYSTEMPATH\CodeIgniter.php(499): CodeIgniter\CodeIgniter->runController(Object(App\Controllers\dbcontrollers))
 3 SYSTEMPATH\CodeIgniter.php(368): CodeIgniter\CodeIgniter->handleRequest(null, Object(Config\Cache), false)
 4 FCPATH\index.php(67): CodeIgniter\CodeIgniter->run()
CRITICAL - 2023-05-07 12:29:24 --> Call to a member function getSize() on null
in APPPATH\Controllers\dbcontrollers.php on line 57.
 1 SYSTEMPATH\CodeIgniter.php(934): App\Controllers\dbcontrollers->reg_user_data()
 2 SYSTEMPATH\CodeIgniter.php(499): CodeIgniter\CodeIgniter->runController(Object(App\Controllers\dbcontrollers))
 3 SYSTEMPATH\CodeIgniter.php(368): CodeIgniter\CodeIgniter->handleRequest(null, Object(Config\Cache), false)
 4 FCPATH\index.php(67): CodeIgniter\CodeIgniter->run()
CRITICAL - 2023-05-07 12:29:28 --> Call to a member function getSize() on null
in APPPATH\Controllers\dbcontrollers.php on line 57.
 1 SYSTEMPATH\CodeIgniter.php(934): App\Controllers\dbcontrollers->reg_user_data()
 2 SYSTEMPATH\CodeIgniter.php(499): CodeIgniter\CodeIgniter->runController(Object(App\Controllers\dbcontrollers))
 3 SYSTEMPATH\CodeIgniter.php(368): CodeIgniter\CodeIgniter->handleRequest(null, Object(Config\Cache), false)
 4 FCPATH\index.php(67): CodeIgniter\CodeIgniter->run()
CRITICAL - 2023-05-07 12:33:17 --> Call to a member function getSize() on null
in APPPATH\Controllers\dbcontrollers.php on line 57.
 1 SYSTEMPATH\CodeIgniter.php(934): App\Controllers\dbcontrollers->reg_user_data()
 2 SYSTEMPATH\CodeIgniter.php(499): CodeIgniter\CodeIgniter->runController(Object(App\Controllers\dbcontrollers))
 3 SYSTEMPATH\CodeIgniter.php(368): CodeIgniter\CodeIgniter->handleRequest(null, Object(Config\Cache), false)
 4 FCPATH\index.php(67): CodeIgniter\CodeIgniter->run()
CRITICAL - 2023-05-07 12:34:18 --> Call to a member function getSize() on null
in APPPATH\Controllers\dbcontrollers.php on line 56.
 1 SYSTEMPATH\CodeIgniter.php(934): App\Controllers\dbcontrollers->reg_user_data()
 2 SYSTEMPATH\CodeIgniter.php(499): CodeIgniter\CodeIgniter->runController(Object(App\Controllers\dbcontrollers))
 3 SYSTEMPATH\CodeIgniter.php(368): CodeIgniter\CodeIgniter->handleRequest(null, Object(Config\Cache), false)
 4 FCPATH\index.php(67): CodeIgniter\CodeIgniter->run()
CRITICAL - 2023-05-07 12:38:49 --> Call to a member function getSize() on null
in APPPATH\Controllers\dbcontrollers.php on line 56.
 1 SYSTEMPATH\CodeIgniter.php(934): App\Controllers\dbcontrollers->reg_user_data()
 2 SYSTEMPATH\CodeIgniter.php(499): CodeIgniter\CodeIgniter->runController(Object(App\Controllers\dbcontrollers))
 3 SYSTEMPATH\CodeIgniter.php(368): CodeIgniter\CodeIgniter->handleRequest(null, Object(Config\Cache), false)
 4 FCPATH\index.php(67): CodeIgniter\CodeIgniter->run()
CRITICAL - 2023-05-07 12:42:14 --> Call to a member function getSize() on null
in APPPATH\Controllers\dbcontrollers.php on line 56.
 1 SYSTEMPATH\CodeIgniter.php(934): App\Controllers\dbcontrollers->reg_user_data()
 2 SYSTEMPATH\CodeIgniter.php(499): CodeIgniter\CodeIgniter->runController(Object(App\Controllers\dbcontrollers))
 3 SYSTEMPATH\CodeIgniter.php(368): CodeIgniter\CodeIgniter->handleRequest(null, Object(Config\Cache), false)
 4 FCPATH\index.php(67): CodeIgniter\CodeIgniter->run()
CRITICAL - 2023-05-07 13:08:09 --> Call to a member function getSize() on null
in APPPATH\Controllers\dbcontrollers.php on line 56.
 1 SYSTEMPATH\CodeIgniter.php(934): App\Controllers\dbcontrollers->reg_user_data()
 2 SYSTEMPATH\CodeIgniter.php(499): CodeIgniter\CodeIgniter->runController(Object(App\Controllers\dbcontrollers))
 3 SYSTEMPATH\CodeIgniter.php(368): CodeIgniter\CodeIgniter->handleRequest(null, Object(Config\Cache), false)
 4 FCPATH\index.php(67): CodeIgniter\CodeIgniter->run()
CRITICAL - 2023-05-07 13:14:34 --> Undefined variable $tmp
in APPPATH\Controllers\dbcontrollers.php on line 77.
 1 APPPATH\Controllers\dbcontrollers.php(77): CodeIgniter\Debug\Exceptions->errorHandler(2, 'Undefined variable $tmp', 'APPPATH\\Controllers\\dbcontrollers.php', 77)
 2 SYSTEMPATH\CodeIgniter.php(934): App\Controllers\dbcontrollers->reg_user_data()
 3 SYSTEMPATH\CodeIgniter.php(499): CodeIgniter\CodeIgniter->runController(Object(App\Controllers\dbcontrollers))
 4 SYSTEMPATH\CodeIgniter.php(368): CodeIgniter\CodeIgniter->handleRequest(null, Object(Config\Cache), false)
 5 FCPATH\index.php(67): CodeIgniter\CodeIgniter->run()
CRITICAL - 2023-05-07 13:51:52 --> Call to a member function getSize() on null
in APPPATH\Controllers\dbcontrollers.php on line 55.
 1 SYSTEMPATH\CodeIgniter.php(934): App\Controllers\dbcontrollers->reg_user_data()
 2 SYSTEMPATH\CodeIgniter.php(499): CodeIgniter\CodeIgniter->runController(Object(App\Controllers\dbcontrollers))
 3 SYSTEMPATH\CodeIgniter.php(368): CodeIgniter\CodeIgniter->handleRequest(null, Object(Config\Cache), false)
 4 FCPATH\index.php(67): CodeIgniter\CodeIgniter->run()
CRITICAL - 2023-05-07 13:53:44 --> Call to a member function getSize() on null
in APPPATH\Controllers\dbcontrollers.php on line 55.
 1 SYSTEMPATH\CodeIgniter.php(934): App\Controllers\dbcontrollers->reg_user_data()
 2 SYSTEMPATH\CodeIgniter.php(499): CodeIgniter\CodeIgniter->runController(Object(App\Controllers\dbcontrollers))
 3 SYSTEMPATH\CodeIgniter.php(368): CodeIgniter\CodeIgniter->handleRequest(null, Object(Config\Cache), false)
 4 FCPATH\index.php(67): CodeIgniter\CodeIgniter->run()
CRITICAL - 2023-05-07 13:54:42 --> Call to a member function getSize() on null
in APPPATH\Controllers\dbcontrollers.php on line 55.
 1 SYSTEMPATH\CodeIgniter.php(934): App\Controllers\dbcontrollers->reg_user_data()
 2 SYSTEMPATH\CodeIgniter.php(499): CodeIgniter\CodeIgniter->runController(Object(App\Controllers\dbcontrollers))
 3 SYSTEMPATH\CodeIgniter.php(368): CodeIgniter\CodeIgniter->handleRequest(null, Object(Config\Cache), false)
 4 FCPATH\index.php(67): CodeIgniter\CodeIgniter->run()
CRITICAL - 2023-05-07 13:56:25 --> Call to a member function getSize() on null
in APPPATH\Controllers\dbcontrollers.php on line 55.
 1 SYSTEMPATH\CodeIgniter.php(934): App\Controllers\dbcontrollers->reg_user_data()
 2 SYSTEMPATH\CodeIgniter.php(499): CodeIgniter\CodeIgniter->runController(Object(App\Controllers\dbcontrollers))
 3 SYSTEMPATH\CodeIgniter.php(368): CodeIgniter\CodeIgniter->handleRequest(null, Object(Config\Cache), false)
 4 FCPATH\index.php(67): CodeIgniter\CodeIgniter->run()
CRITICAL - 2023-05-07 13:57:09 --> Undefined variable $tmp
in APPPATH\Controllers\dbcontrollers.php on line 94.
 1 APPPATH\Controllers\dbcontrollers.php(94): CodeIgniter\Debug\Exceptions->errorHandler(2, 'Undefined variable $tmp', 'APPPATH\\Controllers\\dbcontrollers.php', 94)
 2 SYSTEMPATH\CodeIgniter.php(934): App\Controllers\dbcontrollers->reg_user_data()
 3 SYSTEMPATH\CodeIgniter.php(499): CodeIgniter\CodeIgniter->runController(Object(App\Controllers\dbcontrollers))
 4 SYSTEMPATH\CodeIgniter.php(368): CodeIgniter\CodeIgniter->handleRequest(null, Object(Config\Cache), false)
 5 FCPATH\index.php(67): CodeIgniter\CodeIgniter->run()
CRITICAL - 2023-05-07 14:00:48 --> Undefined variable $tmp
in APPPATH\Controllers\dbcontrollers.php on line 94.
 1 APPPATH\Controllers\dbcontrollers.php(94): CodeIgniter\Debug\Exceptions->errorHandler(2, 'Undefined variable $tmp', 'APPPATH\\Controllers\\dbcontrollers.php', 94)
 2 SYSTEMPATH\CodeIgniter.php(934): App\Controllers\dbcontrollers->reg_user_data()
 3 SYSTEMPATH\CodeIgniter.php(499): CodeIgniter\CodeIgniter->runController(Object(App\Controllers\dbcontrollers))
 4 SYSTEMPATH\CodeIgniter.php(368): CodeIgniter\CodeIgniter->handleRequest(null, Object(Config\Cache), false)
 5 FCPATH\index.php(67): CodeIgniter\CodeIgniter->run()
CRITICAL - 2023-05-07 14:06:45 --> Call to a member function getSize() on null
in APPPATH\Controllers\dbcontrollers.php on line 55.
 1 SYSTEMPATH\CodeIgniter.php(934): App\Controllers\dbcontrollers->reg_user_data()
 2 SYSTEMPATH\CodeIgniter.php(499): CodeIgniter\CodeIgniter->runController(Object(App\Controllers\dbcontrollers))
 3 SYSTEMPATH\CodeIgniter.php(368): CodeIgniter\CodeIgniter->handleRequest(null, Object(Config\Cache), false)
 4 FCPATH\index.php(67): CodeIgniter\CodeIgniter->run()
CRITICAL - 2023-05-07 14:10:07 --> Call to a member function isValid() on null
in APPPATH\Controllers\dbcontrollers.php on line 66.
 1 SYSTEMPATH\CodeIgniter.php(934): App\Controllers\dbcontrollers->reg_user_data()
 2 SYSTEMPATH\CodeIgniter.php(499): CodeIgniter\CodeIgniter->runController(Object(App\Controllers\dbcontrollers))
 3 SYSTEMPATH\CodeIgniter.php(368): CodeIgniter\CodeIgniter->handleRequest(null, Object(Config\Cache), false)
 4 FCPATH\index.php(67): CodeIgniter\CodeIgniter->run()
CRITICAL - 2023-05-07 14:11:14 --> Call to a member function isValid() on null
in APPPATH\Controllers\dbcontrollers.php on line 66.
 1 SYSTEMPATH\CodeIgniter.php(934): App\Controllers\dbcontrollers->reg_user_data()
 2 SYSTEMPATH\CodeIgniter.php(499): CodeIgniter\CodeIgniter->runController(Object(App\Controllers\dbcontrollers))
 3 SYSTEMPATH\CodeIgniter.php(368): CodeIgniter\CodeIgniter->handleRequest(null, Object(Config\Cache), false)
 4 FCPATH\index.php(67): CodeIgniter\CodeIgniter->run()
CRITICAL - 2023-05-07 14:17:41 --> Call to a member function isValid() on null
in APPPATH\Controllers\dbcontrollers.php on line 66.
 1 SYSTEMPATH\CodeIgniter.php(934): App\Controllers\dbcontrollers->reg_user_data()
 2 SYSTEMPATH\CodeIgniter.php(499): CodeIgniter\CodeIgniter->runController(Object(App\Controllers\dbcontrollers))
 3 SYSTEMPATH\CodeIgniter.php(368): CodeIgniter\CodeIgniter->handleRequest(null, Object(Config\Cache), false)
 4 FCPATH\index.php(67): CodeIgniter\CodeIgniter->run()
CRITICAL - 2023-05-07 14:18:48 --> Call to a member function isValid() on null
in APPPATH\Controllers\dbcontrollers.php on line 65.
 1 SYSTEMPATH\CodeIgniter.php(934): App\Controllers\dbcontrollers->reg_user_data()
 2 SYSTEMPATH\CodeIgniter.php(499): CodeIgniter\CodeIgniter->runController(Object(App\Controllers\dbcontrollers))
 3 SYSTEMPATH\CodeIgniter.php(368): CodeIgniter\CodeIgniter->handleRequest(null, Object(Config\Cache), false)
 4 FCPATH\index.php(67): CodeIgniter\CodeIgniter->run()
CRITICAL - 2023-05-07 14:20:50 --> Call to a member function isValid() on null
in APPPATH\Controllers\dbcontrollers.php on line 65.
 1 SYSTEMPATH\CodeIgniter.php(934): App\Controllers\dbcontrollers->reg_user_data()
 2 SYSTEMPATH\CodeIgniter.php(499): CodeIgniter\CodeIgniter->runController(Object(App\Controllers\dbcontrollers))
 3 SYSTEMPATH\CodeIgniter.php(368): CodeIgniter\CodeIgniter->handleRequest(null, Object(Config\Cache), false)
 4 FCPATH\index.php(67): CodeIgniter\CodeIgniter->run()
CRITICAL - 2023-05-07 14:24:28 --> Call to a member function isValid() on null
in APPPATH\Controllers\dbcontrollers.php on line 65.
 1 SYSTEMPATH\CodeIgniter.php(934): App\Controllers\dbcontrollers->reg_user_data()
 2 SYSTEMPATH\CodeIgniter.php(499): CodeIgniter\CodeIgniter->runController(Object(App\Controllers\dbcontrollers))
 3 SYSTEMPATH\CodeIgniter.php(368): CodeIgniter\CodeIgniter->handleRequest(null, Object(Config\Cache), false)
 4 FCPATH\index.php(67): CodeIgniter\CodeIgniter->run()
CRITICAL - 2023-05-07 14:25:14 --> Call to a member function isValid() on null
in APPPATH\Controllers\dbcontrollers.php on line 65.
 1 SYSTEMPATH\CodeIgniter.php(934): App\Controllers\dbcontrollers->reg_user_data()
 2 SYSTEMPATH\CodeIgniter.php(499): CodeIgniter\CodeIgniter->runController(Object(App\Controllers\dbcontrollers))
 3 SYSTEMPATH\CodeIgniter.php(368): CodeIgniter\CodeIgniter->handleRequest(null, Object(Config\Cache), false)
 4 FCPATH\index.php(67): CodeIgniter\CodeIgniter->run()
CRITICAL - 2023-05-07 14:26:18 --> Call to a member function isValid() on null
in APPPATH\Controllers\dbcontrollers.php on line 65.
 1 SYSTEMPATH\CodeIgniter.php(934): App\Controllers\dbcontrollers->reg_user_data()
 2 SYSTEMPATH\CodeIgniter.php(499): CodeIgniter\CodeIgniter->runController(Object(App\Controllers\dbcontrollers))
 3 SYSTEMPATH\CodeIgniter.php(368): CodeIgniter\CodeIgniter->handleRequest(null, Object(Config\Cache), false)
 4 FCPATH\index.php(67): CodeIgniter\CodeIgniter->run()
CRITICAL - 2023-05-07 14:26:22 --> Call to a member function isValid() on null
in APPPATH\Controllers\dbcontrollers.php on line 65.
 1 SYSTEMPATH\CodeIgniter.php(934): App\Controllers\dbcontrollers->reg_user_data()
 2 SYSTEMPATH\CodeIgniter.php(499): CodeIgniter\CodeIgniter->runController(Object(App\Controllers\dbcontrollers))
 3 SYSTEMPATH\CodeIgniter.php(368): CodeIgniter\CodeIgniter->handleRequest(null, Object(Config\Cache), false)
 4 FCPATH\index.php(67): CodeIgniter\CodeIgniter->run()
CRITICAL - 2023-05-07 14:29:04 --> syntax error, unexpected variable "$res", expecting "function" or "const"
in APPPATH\Controllers\dbcontrollers.php on line 97.
 1 SYSTEMPATH\Router\Router.php(507): CodeIgniter\Router\AutoRouter->getRoute('Dbcontrollers/reg_user_data')
 2 SYSTEMPATH\Router\Router.php(206): CodeIgniter\Router\Router->autoRoute('Dbcontrollers/reg_user_data')
 3 SYSTEMPATH\CodeIgniter.php(815): CodeIgniter\Router\Router->handle('Dbcontrollers/reg_user_data')
 4 SYSTEMPATH\CodeIgniter.php(449): CodeIgniter\CodeIgniter->tryToRouteIt(Object(CodeIgniter\Router\RouteCollection))
 5 SYSTEMPATH\CodeIgniter.php(368): CodeIgniter\CodeIgniter->handleRequest(null, Object(Config\Cache), false)
 6 FCPATH\index.php(67): CodeIgniter\CodeIgniter->run()
CRITICAL - 2023-05-07 14:30:00 --> syntax error, unexpected variable "$res", expecting "function" or "const"
in APPPATH\Controllers\dbcontrollers.php on line 97.
 1 SYSTEMPATH\Router\Router.php(507): CodeIgniter\Router\AutoRouter->getRoute('Dbcontrollers/reg_user_data')
 2 SYSTEMPATH\Router\Router.php(206): CodeIgniter\Router\Router->autoRoute('Dbcontrollers/reg_user_data')
 3 SYSTEMPATH\CodeIgniter.php(815): CodeIgniter\Router\Router->handle('Dbcontrollers/reg_user_data')
 4 SYSTEMPATH\CodeIgniter.php(449): CodeIgniter\CodeIgniter->tryToRouteIt(Object(CodeIgniter\Router\RouteCollection))
 5 SYSTEMPATH\CodeIgniter.php(368): CodeIgniter\CodeIgniter->handleRequest(null, Object(Config\Cache), false)
 6 FCPATH\index.php(67): CodeIgniter\CodeIgniter->run()
CRITICAL - 2023-05-07 14:34:28 --> Call to a member function isValid() on null
in APPPATH\Controllers\dbcontrollers.php on line 66.
 1 SYSTEMPATH\CodeIgniter.php(934): App\Controllers\dbcontrollers->reg_user_data()
 2 SYSTEMPATH\CodeIgniter.php(499): CodeIgniter\CodeIgniter->runController(Object(App\Controllers\dbcontrollers))
 3 SYSTEMPATH\CodeIgniter.php(368): CodeIgniter\CodeIgniter->handleRequest(null, Object(Config\Cache), false)
 4 FCPATH\index.php(67): CodeIgniter\CodeIgniter->run()
CRITICAL - 2023-05-07 14:35:55 --> Undefined variable $tmp
in APPPATH\Controllers\dbcontrollers.php on line 97.
 1 APPPATH\Controllers\dbcontrollers.php(97): CodeIgniter\Debug\Exceptions->errorHandler(2, 'Undefined variable $tmp', 'APPPATH\\Controllers\\dbcontrollers.php', 97)
 2 SYSTEMPATH\CodeIgniter.php(934): App\Controllers\dbcontrollers->reg_user_data()
 3 SYSTEMPATH\CodeIgniter.php(499): CodeIgniter\CodeIgniter->runController(Object(App\Controllers\dbcontrollers))
 4 SYSTEMPATH\CodeIgniter.php(368): CodeIgniter\CodeIgniter->handleRequest(null, Object(Config\Cache), false)
 5 FCPATH\index.php(67): CodeIgniter\CodeIgniter->run()
CRITICAL - 2023-05-07 14:39:56 --> Undefined variable $tmp
in APPPATH\Controllers\dbcontrollers.php on line 97.
 1 APPPATH\Controllers\dbcontrollers.php(97): CodeIgniter\Debug\Exceptions->errorHandler(2, 'Undefined variable $tmp', 'APPPATH\\Controllers\\dbcontrollers.php', 97)
 2 SYSTEMPATH\CodeIgniter.php(934): App\Controllers\dbcontrollers->reg_user_data()
 3 SYSTEMPATH\CodeIgniter.php(499): CodeIgniter\CodeIgniter->runController(Object(App\Controllers\dbcontrollers))
 4 SYSTEMPATH\CodeIgniter.php(368): CodeIgniter\CodeIgniter->handleRequest(null, Object(Config\Cache), false)
 5 FCPATH\index.php(67): CodeIgniter\CodeIgniter->run()
CRITICAL - 2023-05-07 14:41:40 --> Call to a member function isValid() on null
in APPPATH\Controllers\dbcontrollers.php on line 66.
 1 SYSTEMPATH\CodeIgniter.php(934): App\Controllers\dbcontrollers->reg_user_data()
 2 SYSTEMPATH\CodeIgniter.php(499): CodeIgniter\CodeIgniter->runController(Object(App\Controllers\dbcontrollers))
 3 SYSTEMPATH\CodeIgniter.php(368): CodeIgniter\CodeIgniter->handleRequest(null, Object(Config\Cache), false)
 4 FCPATH\index.php(67): CodeIgniter\CodeIgniter->run()
CRITICAL - 2023-05-07 14:48:57 --> Call to a member function isValid() on null
in APPPATH\Controllers\dbcontrollers.php on line 66.
 1 SYSTEMPATH\CodeIgniter.php(934): App\Controllers\dbcontrollers->reg_user_data()
 2 SYSTEMPATH\CodeIgniter.php(499): CodeIgniter\CodeIgniter->runController(Object(App\Controllers\dbcontrollers))
 3 SYSTEMPATH\CodeIgniter.php(368): CodeIgniter\CodeIgniter->handleRequest(null, Object(Config\Cache), false)
 4 FCPATH\index.php(67): CodeIgniter\CodeIgniter->run()
CRITICAL - 2023-05-07 14:51:23 --> Call to a member function isValid() on null
in APPPATH\Controllers\dbcontrollers.php on line 66.
 1 SYSTEMPATH\CodeIgniter.php(934): App\Controllers\dbcontrollers->reg_user_data()
 2 SYSTEMPATH\CodeIgniter.php(499): CodeIgniter\CodeIgniter->runController(Object(App\Controllers\dbcontrollers))
 3 SYSTEMPATH\CodeIgniter.php(368): CodeIgniter\CodeIgniter->handleRequest(null, Object(Config\Cache), false)
 4 FCPATH\index.php(67): CodeIgniter\CodeIgniter->run()
ERROR - 2023-05-07 16:19:59 --> Email: sendWithSmtp throwed ErrorException: fsockopen(): php_network_getaddresses: getaddrinfo for smtp.gmail.com failed: No such host is known.  in C:\xampp\htdocs\Flatmates\system\Email\Email.php:1863
Stack trace:
#0 [internal function]: CodeIgniter\Debug\Exceptions->errorHandler(2, 'fsockopen(): ph...', 'C:\\xampp\\htdocs...', 1863)
#1 C:\xampp\htdocs\Flatmates\system\Email\Email.php(1863): fsockopen('smtp.gmail.com', 587, NULL, NULL, 5)
#2 C:\xampp\htdocs\Flatmates\system\Email\Email.php(1782): CodeIgniter\Email\Email->SMTPConnect()
#3 C:\xampp\htdocs\Flatmates\system\Email\Email.php(1667): CodeIgniter\Email\Email->sendWithSmtp()
#4 C:\xampp\htdocs\Flatmates\system\Email\Email.php(1565): CodeIgniter\Email\Email->spoolEmail()
#5 C:\xampp\htdocs\Flatmates\app\Controllers\Home.php(74): CodeIgniter\Email\Email->send()
#6 C:\xampp\htdocs\Flatmates\system\CodeIgniter.php(934): App\Controllers\Home->sendEmail()
#7 C:\xampp\htdocs\Flatmates\system\CodeIgniter.php(499): CodeIgniter\CodeIgniter->runController(Object(App\Controllers\Home))
#8 C:\xampp\htdocs\Flatmates\system\CodeIgniter.php(368): CodeIgniter\CodeIgniter->handleRequest(NULL, Object(Config\Cache), false)
#9 C:\xampp\htdocs\Flatmates\public\index.php(67): CodeIgniter\CodeIgniter->run()
#10 {main}
ERROR - 2023-05-07 16:19:59 --> Email: Unable to send email using SMTP. Your server might not be configured to send mail using this method.
ERROR - 2023-05-07 16:19:59 --> 
ERROR - 2023-05-07 16:41:14 --> mysqli_sql_exception: Column 'status' cannot be null in C:\xampp\htdocs\Flatmates\system\Database\MySQLi\Connection.php:295
Stack trace:
#0 C:\xampp\htdocs\Flatmates\system\Database\MySQLi\Connection.php(295): mysqli->query('INSERT INTO `te...', 0)
#1 C:\xampp\htdocs\Flatmates\system\Database\BaseConnection.php(691): CodeIgniter\Database\MySQLi\Connection->execute('INSERT INTO `te...')
#2 C:\xampp\htdocs\Flatmates\system\Database\BaseConnection.php(605): CodeIgniter\Database\BaseConnection->simpleQuery('INSERT INTO `te...')
#3 C:\xampp\htdocs\Flatmates\system\Database\BaseBuilder.php(2309): CodeIgniter\Database\BaseConnection->query('INSERT INTO `te...', Array, false)
#4 C:\xampp\htdocs\Flatmates\app\Models\dbmodels.php(37): CodeIgniter\Database\BaseBuilder->insert(Array)
#5 C:\xampp\htdocs\Flatmates\app\Controllers\dbcontrollers.php(95): App\Models\Dbmodels->reg_user_data_model(Array)
#6 C:\xampp\htdocs\Flatmates\system\CodeIgniter.php(934): App\Controllers\dbcontrollers->reg_user_data()
#7 C:\xampp\htdocs\Flatmates\system\CodeIgniter.php(499): CodeIgniter\CodeIgniter->runController(Object(App\Controllers\dbcontrollers))
#8 C:\xampp\htdocs\Flatmates\system\CodeIgniter.php(368): CodeIgniter\CodeIgniter->handleRequest(NULL, Object(Config\Cache), false)
#9 C:\xampp\htdocs\Flatmates\public\index.php(67): CodeIgniter\CodeIgniter->run()
#10 {main}
CRITICAL - 2023-05-07 16:41:14 --> Column 'status' cannot be null
in SYSTEMPATH\Database\BaseConnection.php on line 645.
 1 SYSTEMPATH\Database\BaseBuilder.php(2309): CodeIgniter\Database\BaseConnection->query('INSERT INTO `tenant_reg` (`name`, `email`, `phone_no`, `password`, `occupation`, `address`, `city`, `state`, `photo_img`, `smartcard_doc`, `aadhar_doc`, `aadhar_no`, `status`) VALUES (:name:, :email:, :phone_no:, :password:, :occupation:, :address:, :city:, :state:, :photo_img:, :smartcard_doc:, :aadhar_doc:, :aadhar_no:, :status:)', [...], false)
 2 APPPATH\Models\dbmodels.php(37): CodeIgniter\Database\BaseBuilder->insert([...])
 3 APPPATH\Controllers\dbcontrollers.php(95): App\Models\Dbmodels->reg_user_data_model([...])
 4 SYSTEMPATH\CodeIgniter.php(934): App\Controllers\dbcontrollers->reg_user_data()
 5 SYSTEMPATH\CodeIgniter.php(499): CodeIgniter\CodeIgniter->runController(Object(App\Controllers\dbcontrollers))
 6 SYSTEMPATH\CodeIgniter.php(368): CodeIgniter\CodeIgniter->handleRequest(null, Object(Config\Cache), false)
 7 FCPATH\index.php(67): CodeIgniter\CodeIgniter->run()
ERROR - 2023-05-07 16:41:30 --> mysqli_sql_exception: Column 'status' cannot be null in C:\xampp\htdocs\Flatmates\system\Database\MySQLi\Connection.php:295
Stack trace:
#0 C:\xampp\htdocs\Flatmates\system\Database\MySQLi\Connection.php(295): mysqli->query('INSERT INTO `te...', 0)
#1 C:\xampp\htdocs\Flatmates\system\Database\BaseConnection.php(691): CodeIgniter\Database\MySQLi\Connection->execute('INSERT INTO `te...')
#2 C:\xampp\htdocs\Flatmates\system\Database\BaseConnection.php(605): CodeIgniter\Database\BaseConnection->simpleQuery('INSERT INTO `te...')
#3 C:\xampp\htdocs\Flatmates\system\Database\BaseBuilder.php(2309): CodeIgniter\Database\BaseConnection->query('INSERT INTO `te...', Array, false)
#4 C:\xampp\htdocs\Flatmates\app\Models\dbmodels.php(37): CodeIgniter\Database\BaseBuilder->insert(Array)
#5 C:\xampp\htdocs\Flatmates\app\Controllers\dbcontrollers.php(95): App\Models\Dbmodels->reg_user_data_model(Array)
#6 C:\xampp\htdocs\Flatmates\system\CodeIgniter.php(934): App\Controllers\dbcontrollers->reg_user_data()
#7 C:\xampp\htdocs\Flatmates\system\CodeIgniter.php(499): CodeIgniter\CodeIgniter->runController(Object(App\Controllers\dbcontrollers))
#8 C:\xampp\htdocs\Flatmates\system\CodeIgniter.php(368): CodeIgniter\CodeIgniter->handleRequest(NULL, Object(Config\Cache), false)
#9 C:\xampp\htdocs\Flatmates\public\index.php(67): CodeIgniter\CodeIgniter->run()
#10 {main}
CRITICAL - 2023-05-07 16:41:30 --> Column 'status' cannot be null
in SYSTEMPATH\Database\BaseConnection.php on line 645.
 1 SYSTEMPATH\Database\BaseBuilder.php(2309): CodeIgniter\Database\BaseConnection->query('INSERT INTO `tenant_reg` (`name`, `email`, `phone_no`, `password`, `occupation`, `address`, `city`, `state`, `photo_img`, `smartcard_doc`, `aadhar_doc`, `aadhar_no`, `status`) VALUES (:name:, :email:, :phone_no:, :password:, :occupation:, :address:, :city:, :state:, :photo_img:, :smartcard_doc:, :aadhar_doc:, :aadhar_no:, :status:)', [...], false)
 2 APPPATH\Models\dbmodels.php(37): CodeIgniter\Database\BaseBuilder->insert([...])
 3 APPPATH\Controllers\dbcontrollers.php(95): App\Models\Dbmodels->reg_user_data_model([...])
 4 SYSTEMPATH\CodeIgniter.php(934): App\Controllers\dbcontrollers->reg_user_data()
 5 SYSTEMPATH\CodeIgniter.php(499): CodeIgniter\CodeIgniter->runController(Object(App\Controllers\dbcontrollers))
 6 SYSTEMPATH\CodeIgniter.php(368): CodeIgniter\CodeIgniter->handleRequest(null, Object(Config\Cache), false)
 7 FCPATH\index.php(67): CodeIgniter\CodeIgniter->run()
ERROR - 2023-05-07 16:41:57 --> Email: sendWithSmtp throwed ErrorException: fsockopen(): php_network_getaddresses: getaddrinfo for smtp.gmail.com failed: No such host is known.  in C:\xampp\htdocs\Flatmates\system\Email\Email.php:1863
Stack trace:
#0 [internal function]: CodeIgniter\Debug\Exceptions->errorHandler(2, 'fsockopen(): ph...', 'C:\\xampp\\htdocs...', 1863)
#1 C:\xampp\htdocs\Flatmates\system\Email\Email.php(1863): fsockopen('smtp.gmail.com', 587, NULL, NULL, 5)
#2 C:\xampp\htdocs\Flatmates\system\Email\Email.php(1782): CodeIgniter\Email\Email->SMTPConnect()
#3 C:\xampp\htdocs\Flatmates\system\Email\Email.php(1667): CodeIgniter\Email\Email->sendWithSmtp()
#4 C:\xampp\htdocs\Flatmates\system\Email\Email.php(1565): CodeIgniter\Email\Email->spoolEmail()
#5 C:\xampp\htdocs\Flatmates\app\Controllers\Home.php(74): CodeIgniter\Email\Email->send()
#6 C:\xampp\htdocs\Flatmates\system\CodeIgniter.php(934): App\Controllers\Home->sendEmail()
#7 C:\xampp\htdocs\Flatmates\system\CodeIgniter.php(499): CodeIgniter\CodeIgniter->runController(Object(App\Controllers\Home))
#8 C:\xampp\htdocs\Flatmates\system\CodeIgniter.php(368): CodeIgniter\CodeIgniter->handleRequest(NULL, Object(Config\Cache), false)
#9 C:\xampp\htdocs\Flatmates\public\index.php(67): CodeIgniter\CodeIgniter->run()
#10 {main}
ERROR - 2023-05-07 16:41:57 --> Email: Unable to send email using SMTP. Your server might not be configured to send mail using this method.
ERROR - 2023-05-07 16:41:57 --> 
CRITICAL - 2023-05-07 16:50:53 --> The route for "home/sendEmailmazzmathan2001@gmail.com" cannot be found.
in SYSTEMPATH\HTTP\RedirectResponse.php on line 60.
 1 SYSTEMPATH\HTTP\RedirectResponse.php(60): CodeIgniter\HTTP\Exceptions\HTTPException::forInvalidRedirectRoute('home/sendEmailmazzmathan2001@gmail.com')
 2 SYSTEMPATH\Common.php(880): CodeIgniter\HTTP\RedirectResponse->route(false)
 3 APPPATH\Controllers\dbcontrollers.php(54): redirect('home/sendEmailmazzmathan2001@gmail.com')
 4 SYSTEMPATH\CodeIgniter.php(934): App\Controllers\dbcontrollers->reg_user_data()
 5 SYSTEMPATH\CodeIgniter.php(499): CodeIgniter\CodeIgniter->runController(Object(App\Controllers\dbcontrollers))
 6 SYSTEMPATH\CodeIgniter.php(368): CodeIgniter\CodeIgniter->handleRequest(null, Object(Config\Cache), false)
 7 FCPATH\index.php(67): CodeIgniter\CodeIgniter->run()
CRITICAL - 2023-05-07 16:51:12 --> The route for "home/sendEmailnitheshwaran003@gmail.com" cannot be found.
in SYSTEMPATH\HTTP\RedirectResponse.php on line 60.
 1 SYSTEMPATH\HTTP\RedirectResponse.php(60): CodeIgniter\HTTP\Exceptions\HTTPException::forInvalidRedirectRoute('home/sendEmailnitheshwaran003@gmail.com')
 2 SYSTEMPATH\Common.php(880): CodeIgniter\HTTP\RedirectResponse->route(false)
 3 APPPATH\Controllers\dbcontrollers.php(54): redirect('home/sendEmailnitheshwaran003@gmail.com')
 4 SYSTEMPATH\CodeIgniter.php(934): App\Controllers\dbcontrollers->reg_user_data()
 5 SYSTEMPATH\CodeIgniter.php(499): CodeIgniter\CodeIgniter->runController(Object(App\Controllers\dbcontrollers))
 6 SYSTEMPATH\CodeIgniter.php(368): CodeIgniter\CodeIgniter->handleRequest(null, Object(Config\Cache), false)
 7 FCPATH\index.php(67): CodeIgniter\CodeIgniter->run()
CRITICAL - 2023-05-07 16:54:12 --> The route for "Home/sendEmail/mazzmathan2001@gmail.com" cannot be found.
in SYSTEMPATH\HTTP\RedirectResponse.php on line 60.
 1 SYSTEMPATH\HTTP\RedirectResponse.php(60): CodeIgniter\HTTP\Exceptions\HTTPException::forInvalidRedirectRoute('Home/sendEmail/mazzmathan2001@gmail.com')
 2 SYSTEMPATH\Common.php(880): CodeIgniter\HTTP\RedirectResponse->route(false)
 3 APPPATH\Controllers\dbcontrollers.php(54): redirect('Home/sendEmail/mazzmathan2001@gmail.com')
 4 SYSTEMPATH\CodeIgniter.php(934): App\Controllers\dbcontrollers->reg_user_data()
 5 SYSTEMPATH\CodeIgniter.php(499): CodeIgniter\CodeIgniter->runController(Object(App\Controllers\dbcontrollers))
 6 SYSTEMPATH\CodeIgniter.php(368): CodeIgniter\CodeIgniter->handleRequest(null, Object(Config\Cache), false)
 7 FCPATH\index.php(67): CodeIgniter\CodeIgniter->run()
CRITICAL - 2023-05-07 16:55:12 --> Too few arguments to function App\Controllers\Home::sendEmail(), 0 passed in C:\xampp\htdocs\Flatmates\system\CodeIgniter.php on line 934 and exactly 1 expected
in APPPATH\Controllers\Home.php on line 57.
 1 SYSTEMPATH\CodeIgniter.php(934): App\Controllers\Home->sendEmail()
 2 SYSTEMPATH\CodeIgniter.php(499): CodeIgniter\CodeIgniter->runController(Object(App\Controllers\Home))
 3 SYSTEMPATH\CodeIgniter.php(368): CodeIgniter\CodeIgniter->handleRequest(null, Object(Config\Cache), false)
 4 FCPATH\index.php(67): CodeIgniter\CodeIgniter->run()
CRITICAL - 2023-05-07 16:58:17 --> Too few arguments to function App\Controllers\Home::sendEmail(), 0 passed in C:\xampp\htdocs\Flatmates\system\CodeIgniter.php on line 934 and exactly 1 expected
in APPPATH\Controllers\Home.php on line 57.
 1 SYSTEMPATH\CodeIgniter.php(934): App\Controllers\Home->sendEmail()
 2 SYSTEMPATH\CodeIgniter.php(499): CodeIgniter\CodeIgniter->runController(Object(App\Controllers\Home))
 3 SYSTEMPATH\CodeIgniter.php(368): CodeIgniter\CodeIgniter->handleRequest(null, Object(Config\Cache), false)
 4 FCPATH\index.php(67): CodeIgniter\CodeIgniter->run()
ERROR - 2023-05-07 17:13:30 --> Email: Unable to send email using SMTP. Your server might not be configured to send mail using this method.
ERROR - 2023-05-07 17:13:30 --> 220 smtp.gmail.com ESMTP k11-20020a63ff0b000000b00528af015a8dsm4685703pgi.14 - gsmtp

hello: 250-smtp.gmail.com at your service, [2401:4900:4a99:fcb1:1010:71e2:6a52:c9ed]
250-SIZE 35882577
250-8BITMIME
250-STARTTLS
250-ENHANCEDSTATUSCODES
250-PIPELINING
250-CHUNKING
250 SMTPUTF8

starttls: 220 2.0.0 Ready to start TLS

hello: 250-smtp.gmail.com at your service, [2401:4900:4a99:fcb1:1010:71e2:6a52:c9ed]
250-SIZE 35882577
250-8BITMIME
250-AUTH LOGIN PLAIN XOAUTH2 PLAIN-CLIENTTOKEN OAUTHBEARER XOAUTH
250-ENHANCEDSTATUSCODES
250-PIPELINING
250-CHUNKING
250 SMTPUTF8

from: 250 2.1.0 OK k11-20020a63ff0b000000b00528af015a8dsm4685703pgi.14 - gsmtp

to: 555 5.5.2 Syntax error. k11-20020a63ff0b000000b00528af015a8dsm4685703pgi.14 - gsmtp

The following SMTP error was encountered: 555 5.5.2 Syntax error. k11-20020a63ff0b000000b00528af015a8dsm4685703pgi.14 - gsmtp

quit: 221 2.0.0 closing connection k11-20020a63ff0b000000b00528af015a8dsm4685703pgi.14 - gsmtp

ERROR - 2023-05-07 17:13:39 --> Email: Unable to send email using SMTP. Your server might not be configured to send mail using this method.
ERROR - 2023-05-07 17:13:39 --> 220 smtp.gmail.com ESMTP jo10-20020a170903054a00b001a6f7744a27sm5408768plb.87 - gsmtp

hello: 250-smtp.gmail.com at your service, [2401:4900:4a99:fcb1:1010:71e2:6a52:c9ed]
250-SIZE 35882577
250-8BITMIME
250-STARTTLS
250-ENHANCEDSTATUSCODES
250-PIPELINING
250-CHUNKING
250 SMTPUTF8

starttls: 220 2.0.0 Ready to start TLS

hello: 250-smtp.gmail.com at your service, [2401:4900:4a99:fcb1:1010:71e2:6a52:c9ed]
250-SIZE 35882577
250-8BITMIME
250-AUTH LOGIN PLAIN XOAUTH2 PLAIN-CLIENTTOKEN OAUTHBEARER XOAUTH
250-ENHANCEDSTATUSCODES
250-PIPELINING
250-CHUNKING
250 SMTPUTF8

from: 250 2.1.0 OK jo10-20020a170903054a00b001a6f7744a27sm5408768plb.87 - gsmtp

to: 555 5.5.2 Syntax error. jo10-20020a170903054a00b001a6f7744a27sm5408768plb.87 - gsmtp

The following SMTP error was encountered: 555 5.5.2 Syntax error. jo10-20020a170903054a00b001a6f7744a27sm5408768plb.87 - gsmtp

quit: 221 2.0.0 closing connection jo10-20020a170903054a00b001a6f7744a27sm5408768plb.87 - gsmtp

ERROR - 2023-05-07 17:25:23 --> Email: Unable to send email using SMTP. Your server might not be configured to send mail using this method.
ERROR - 2023-05-07 17:25:23 --> 220 smtp.gmail.com ESMTP q20-20020a62ae14000000b0063f0068cf6csm609667pff.198 - gsmtp

hello: 250-smtp.gmail.com at your service, [2401:4900:4a99:fcb1:1010:71e2:6a52:c9ed]
250-SIZE 35882577
250-8BITMIME
250-STARTTLS
250-ENHANCEDSTATUSCODES
250-PIPELINING
250-CHUNKING
250 SMTPUTF8

starttls: 220 2.0.0 Ready to start TLS

hello: 250-smtp.gmail.com at your service, [2401:4900:4a99:fcb1:1010:71e2:6a52:c9ed]
250-SIZE 35882577
250-8BITMIME
250-AUTH LOGIN PLAIN XOAUTH2 PLAIN-CLIENTTOKEN OAUTHBEARER XOAUTH
250-ENHANCEDSTATUSCODES
250-PIPELINING
250-CHUNKING
250 SMTPUTF8

from: 250 2.1.0 OK q20-20020a62ae14000000b0063f0068cf6csm609667pff.198 - gsmtp

to: 555 5.5.2 Syntax error. q20-20020a62ae14000000b0063f0068cf6csm609667pff.198 - gsmtp

The following SMTP error was encountered: 555 5.5.2 Syntax error. q20-20020a62ae14000000b0063f0068cf6csm609667pff.198 - gsmtp

quit: 221 2.0.0 closing connection q20-20020a62ae14000000b0063f0068cf6csm609667pff.198 - gsmtp

CRITICAL - 2023-05-07 21:15:57 --> You must set the database table to be used with your query.
in SYSTEMPATH\Database\BaseConnection.php on line 882.
 1 SYSTEMPATH\Model.php(642): CodeIgniter\Database\BaseConnection->table(null)
 2 SYSTEMPATH\Model.php(832): CodeIgniter\Model->builder()
 3 APPPATH\Controllers\Home.php(71): CodeIgniter\Model->__call('insert_otp', [...])
 4 SYSTEMPATH\CodeIgniter.php(934): App\Controllers\Home->sendEmail()
 5 SYSTEMPATH\CodeIgniter.php(499): CodeIgniter\CodeIgniter->runController(Object(App\Controllers\Home))
 6 SYSTEMPATH\CodeIgniter.php(368): CodeIgniter\CodeIgniter->handleRequest(null, Object(Config\Cache), false)
 7 FCPATH\index.php(67): CodeIgniter\CodeIgniter->run()
CRITICAL - 2023-05-07 21:20:10 --> Call to a member function getSize() on null
in APPPATH\Controllers\dbcontrollers.php on line 56.
 1 SYSTEMPATH\CodeIgniter.php(934): App\Controllers\dbcontrollers->reg_user_data()
 2 SYSTEMPATH\CodeIgniter.php(499): CodeIgniter\CodeIgniter->runController(Object(App\Controllers\dbcontrollers))
 3 SYSTEMPATH\CodeIgniter.php(368): CodeIgniter\CodeIgniter->handleRequest(null, Object(Config\Cache), false)
 4 FCPATH\index.php(67): CodeIgniter\CodeIgniter->run()
CRITICAL - 2023-05-07 21:22:53 --> Call to a member function getSize() on null
in APPPATH\Controllers\dbcontrollers.php on line 56.
 1 SYSTEMPATH\CodeIgniter.php(934): App\Controllers\dbcontrollers->reg_user_data()
 2 SYSTEMPATH\CodeIgniter.php(499): CodeIgniter\CodeIgniter->runController(Object(App\Controllers\dbcontrollers))
 3 SYSTEMPATH\CodeIgniter.php(368): CodeIgniter\CodeIgniter->handleRequest(null, Object(Config\Cache), false)
 4 FCPATH\index.php(67): CodeIgniter\CodeIgniter->run()
CRITICAL - 2023-05-07 21:24:08 --> Call to a member function getSize() on null
in APPPATH\Controllers\dbcontrollers.php on line 130.
 1 SYSTEMPATH\CodeIgniter.php(934): App\Controllers\dbcontrollers->demo_reg()
 2 SYSTEMPATH\CodeIgniter.php(499): CodeIgniter\CodeIgniter->runController(Object(App\Controllers\dbcontrollers))
 3 SYSTEMPATH\CodeIgniter.php(368): CodeIgniter\CodeIgniter->handleRequest(null, Object(Config\Cache), false)
 4 FCPATH\index.php(67): CodeIgniter\CodeIgniter->run()
CRITICAL - 2023-05-07 21:31:30 --> Undefined variable $places
in APPPATH\Views\places_view.php on line 9.
 1 APPPATH\Views\places_view.php(9): CodeIgniter\Debug\Exceptions->errorHandler(2, 'Undefined variable $places', 'APPPATH\\Views\\places_view.php', 9)
 2 SYSTEMPATH\View\View.php(213): include('APPPATH\\Views\\places_view.php')
 3 SYSTEMPATH\View\View.php(216): CodeIgniter\View\View->CodeIgniter\View\{closure}()
 4 SYSTEMPATH\Common.php(1184): CodeIgniter\View\View->render('places_view', [], true)
 5 APPPATH\Controllers\dbcontrollers.php(120): view('places_view')
 6 SYSTEMPATH\CodeIgniter.php(934): App\Controllers\dbcontrollers->place_con()
 7 SYSTEMPATH\CodeIgniter.php(499): CodeIgniter\CodeIgniter->runController(Object(App\Controllers\dbcontrollers))
 8 SYSTEMPATH\CodeIgniter.php(368): CodeIgniter\CodeIgniter->handleRequest(null, Object(Config\Cache), false)
 9 FCPATH\index.php(67): CodeIgniter\CodeIgniter->run()
CRITICAL - 2023-05-07 21:33:05 --> Undefined variable $places
in APPPATH\Views\places_view.php on line 9.
 1 APPPATH\Views\places_view.php(9): CodeIgniter\Debug\Exceptions->errorHandler(2, 'Undefined variable $places', 'APPPATH\\Views\\places_view.php', 9)
 2 SYSTEMPATH\View\View.php(213): include('APPPATH\\Views\\places_view.php')
 3 SYSTEMPATH\View\View.php(216): CodeIgniter\View\View->CodeIgniter\View\{closure}()
 4 SYSTEMPATH\Common.php(1184): CodeIgniter\View\View->render('places_view', [], true)
 5 APPPATH\Controllers\Home.php(120): view('places_view')
 6 SYSTEMPATH\CodeIgniter.php(934): App\Controllers\Home->place_con()
 7 SYSTEMPATH\CodeIgniter.php(499): CodeIgniter\CodeIgniter->runController(Object(App\Controllers\Home))
 8 SYSTEMPATH\CodeIgniter.php(368): CodeIgniter\CodeIgniter->handleRequest(null, Object(Config\Cache), false)
 9 FCPATH\index.php(67): CodeIgniter\CodeIgniter->run()
CRITICAL - 2023-05-07 21:34:04 --> Undefined variable $places
in APPPATH\Views\places_view.php on line 9.
 1 APPPATH\Views\places_view.php(9): CodeIgniter\Debug\Exceptions->errorHandler(2, 'Undefined variable $places', 'APPPATH\\Views\\places_view.php', 9)
 2 SYSTEMPATH\View\View.php(213): include('APPPATH\\Views\\places_view.php')
 3 SYSTEMPATH\View\View.php(216): CodeIgniter\View\View->CodeIgniter\View\{closure}()
 4 SYSTEMPATH\Common.php(1184): CodeIgniter\View\View->render('places_view', [], true)
 5 APPPATH\Controllers\Home.php(69): view('places_view')
 6 SYSTEMPATH\CodeIgniter.php(934): App\Controllers\Home->place_con()
 7 SYSTEMPATH\CodeIgniter.php(499): CodeIgniter\CodeIgniter->runController(Object(App\Controllers\Home))
 8 SYSTEMPATH\CodeIgniter.php(368): CodeIgniter\CodeIgniter->handleRequest(null, Object(Config\Cache), false)
 9 FCPATH\index.php(67): CodeIgniter\CodeIgniter->run()
CRITICAL - 2023-05-07 21:37:57 --> Undefined variable $places
in APPPATH\Views\places_view.php on line 9.
 1 APPPATH\Views\places_view.php(9): CodeIgniter\Debug\Exceptions->errorHandler(2, 'Undefined variable $places', 'APPPATH\\Views\\places_view.php', 9)
 2 SYSTEMPATH\View\View.php(213): include('APPPATH\\Views\\places_view.php')
 3 SYSTEMPATH\View\View.php(216): CodeIgniter\View\View->CodeIgniter\View\{closure}()
 4 SYSTEMPATH\Common.php(1184): CodeIgniter\View\View->render('places_view', [], true)
 5 APPPATH\Controllers\Home.php(69): view('places_view')
 6 SYSTEMPATH\CodeIgniter.php(934): App\Controllers\Home->place_con()
 7 SYSTEMPATH\CodeIgniter.php(499): CodeIgniter\CodeIgniter->runController(Object(App\Controllers\Home))
 8 SYSTEMPATH\CodeIgniter.php(368): CodeIgniter\CodeIgniter->handleRequest(null, Object(Config\Cache), false)
 9 FCPATH\index.php(67): CodeIgniter\CodeIgniter->run()
CRITICAL - 2023-05-07 21:39:32 --> Undefined variable $results
in APPPATH\Views\places_view.php on line 28.
 1 APPPATH\Views\places_view.php(28): CodeIgniter\Debug\Exceptions->errorHandler(2, 'Undefined variable $results', 'APPPATH\\Views\\places_view.php', 28)
 2 SYSTEMPATH\View\View.php(213): include('APPPATH\\Views\\places_view.php')
 3 SYSTEMPATH\View\View.php(216): CodeIgniter\View\View->CodeIgniter\View\{closure}()
 4 SYSTEMPATH\Common.php(1184): CodeIgniter\View\View->render('places_view', [], true)
 5 APPPATH\Controllers\Home.php(69): view('places_view')
 6 SYSTEMPATH\CodeIgniter.php(934): App\Controllers\Home->place_con()
 7 SYSTEMPATH\CodeIgniter.php(499): CodeIgniter\CodeIgniter->runController(Object(App\Controllers\Home))
 8 SYSTEMPATH\CodeIgniter.php(368): CodeIgniter\CodeIgniter->handleRequest(null, Object(Config\Cache), false)
 9 FCPATH\index.php(67): CodeIgniter\CodeIgniter->run()
CRITICAL - 2023-05-07 21:40:31 --> Undefined variable $places
in APPPATH\Views\places_view.php on line 9.
 1 APPPATH\Views\places_view.php(9): CodeIgniter\Debug\Exceptions->errorHandler(2, 'Undefined variable $places', 'APPPATH\\Views\\places_view.php', 9)
 2 SYSTEMPATH\View\View.php(213): include('APPPATH\\Views\\places_view.php')
 3 SYSTEMPATH\View\View.php(216): CodeIgniter\View\View->CodeIgniter\View\{closure}()
 4 SYSTEMPATH\Common.php(1184): CodeIgniter\View\View->render('places_view', [], true)
 5 APPPATH\Controllers\Home.php(69): view('places_view')
 6 SYSTEMPATH\CodeIgniter.php(934): App\Controllers\Home->place_con()
 7 SYSTEMPATH\CodeIgniter.php(499): CodeIgniter\CodeIgniter->runController(Object(App\Controllers\Home))
 8 SYSTEMPATH\CodeIgniter.php(368): CodeIgniter\CodeIgniter->handleRequest(null, Object(Config\Cache), false)
 9 FCPATH\index.php(67): CodeIgniter\CodeIgniter->run()
