CRITICAL - 2023-05-04 03:07:37 --> Call to a member function reg_user_data_model() on null
in APPPATH\Controllers\dbcontrollers.php on line 21.
 1 SYSTEMPATH\CodeIgniter.php(934): App\Controllers\dbcontrollers->reg_user_data()
 2 SYSTEMPATH\CodeIgniter.php(499): CodeIgniter\CodeIgniter->runController(Object(App\Controllers\dbcontrollers))
 3 SYSTEMPATH\CodeIgniter.php(368): CodeIgniter\CodeIgniter->handleRequest(null, Object(Config\Cache), false)
 4 FCPATH\index.php(67): CodeIgniter\CodeIgniter->run()
CRITICAL - 2023-05-04 03:08:05 --> Call to a member function reg_user_data_model() on null
in APPPATH\Controllers\dbcontrollers.php on line 21.
 1 SYSTEMPATH\CodeIgniter.php(934): App\Controllers\dbcontrollers->reg_user_data()
 2 SYSTEMPATH\CodeIgniter.php(499): CodeIgniter\CodeIgniter->runController(Object(App\Controllers\dbcontrollers))
 3 SYSTEMPATH\CodeIgniter.php(368): CodeIgniter\CodeIgniter->handleRequest(null, Object(Config\Cache), false)
 4 FCPATH\index.php(67): CodeIgniter\CodeIgniter->run()
CRITICAL - 2023-05-04 03:14:29 --> Call to a member function reg_user_data_model() on null
in APPPATH\Controllers\dbcontrollers.php on line 21.
 1 SYSTEMPATH\CodeIgniter.php(934): App\Controllers\dbcontrollers->reg_user_data()
 2 SYSTEMPATH\CodeIgniter.php(499): CodeIgniter\CodeIgniter->runController(Object(App\Controllers\dbcontrollers))
 3 SYSTEMPATH\CodeIgniter.php(368): CodeIgniter\CodeIgniter->handleRequest(null, Object(Config\Cache), false)
 4 FCPATH\index.php(67): CodeIgniter\CodeIgniter->run()
CRITICAL - 2023-05-04 03:31:02 --> Call to a member function reg_user_data_model() on null
in APPPATH\Controllers\dbcontrollers.php on line 21.
 1 SYSTEMPATH\CodeIgniter.php(934): App\Controllers\dbcontrollers->reg_user_data()
 2 SYSTEMPATH\CodeIgniter.php(499): CodeIgniter\CodeIgniter->runController(Object(App\Controllers\dbcontrollers))
 3 SYSTEMPATH\CodeIgniter.php(368): CodeIgniter\CodeIgniter->handleRequest(null, Object(Config\Cache), false)
 4 FCPATH\index.php(67): CodeIgniter\CodeIgniter->run()
CRITICAL - 2023-05-04 07:07:48 --> The framework needs the following extension(s) installed and loaded: intl.
in SYSTEMPATH\CodeIgniter.php on line 226.
 1 SYSTEMPATH\CodeIgniter.php(226): CodeIgniter\Exceptions\FrameworkException::forMissingExtension('intl')
 2 SYSTEMPATH\CodeIgniter.php(190): CodeIgniter\CodeIgniter->resolvePlatformExtensions()
 3 FCPATH\index.php(55): CodeIgniter\CodeIgniter->initialize()
CRITICAL - 2023-05-04 07:07:59 --> The framework needs the following extension(s) installed and loaded: intl.
in SYSTEMPATH\CodeIgniter.php on line 226.
 1 SYSTEMPATH\CodeIgniter.php(226): CodeIgniter\Exceptions\FrameworkException::forMissingExtension('intl')
 2 SYSTEMPATH\CodeIgniter.php(190): CodeIgniter\CodeIgniter->resolvePlatformExtensions()
 3 FCPATH\index.php(55): CodeIgniter\CodeIgniter->initialize()
CRITICAL - 2023-05-04 07:09:35 --> The framework needs the following extension(s) installed and loaded: intl.
in SYSTEMPATH\CodeIgniter.php on line 226.
 1 SYSTEMPATH\CodeIgniter.php(226): CodeIgniter\Exceptions\FrameworkException::forMissingExtension('intl')
 2 SYSTEMPATH\CodeIgniter.php(190): CodeIgniter\CodeIgniter->resolvePlatformExtensions()
 3 FCPATH\index.php(55): CodeIgniter\CodeIgniter->initialize()
CRITICAL - 2023-05-04 05:12:51 --> Call to a member function reg_user_data_model() on null
in APPPATH\Controllers\dbcontrollers.php on line 21.
 1 SYSTEMPATH\CodeIgniter.php(934): App\Controllers\dbcontrollers->reg_user_data()
 2 SYSTEMPATH\CodeIgniter.php(499): CodeIgniter\CodeIgniter->runController(Object(App\Controllers\dbcontrollers))
 3 SYSTEMPATH\CodeIgniter.php(368): CodeIgniter\CodeIgniter->handleRequest(null, Object(Config\Cache), false)
 4 FCPATH\index.php(67): CodeIgniter\CodeIgniter->run()
CRITICAL - 2023-05-04 05:16:13 --> Call to a member function reg_user_data_model() on null
in APPPATH\Controllers\dbcontrollers.php on line 21.
 1 SYSTEMPATH\CodeIgniter.php(934): App\Controllers\dbcontrollers->reg_user_data()
 2 SYSTEMPATH\CodeIgniter.php(499): CodeIgniter\CodeIgniter->runController(Object(App\Controllers\dbcontrollers))
 3 SYSTEMPATH\CodeIgniter.php(368): CodeIgniter\CodeIgniter->handleRequest(null, Object(Config\Cache), false)
 4 FCPATH\index.php(67): CodeIgniter\CodeIgniter->run()
CRITICAL - 2023-05-04 05:16:30 --> Call to a member function reg_user_data_model() on null
in APPPATH\Controllers\dbcontrollers.php on line 21.
 1 SYSTEMPATH\CodeIgniter.php(934): App\Controllers\dbcontrollers->reg_user_data()
 2 SYSTEMPATH\CodeIgniter.php(499): CodeIgniter\CodeIgniter->runController(Object(App\Controllers\dbcontrollers))
 3 SYSTEMPATH\CodeIgniter.php(368): CodeIgniter\CodeIgniter->handleRequest(null, Object(Config\Cache), false)
 4 FCPATH\index.php(67): CodeIgniter\CodeIgniter->run()
CRITICAL - 2023-05-04 05:16:31 --> Call to a member function reg_user_data_model() on null
in APPPATH\Controllers\dbcontrollers.php on line 21.
 1 SYSTEMPATH\CodeIgniter.php(934): App\Controllers\dbcontrollers->reg_user_data()
 2 SYSTEMPATH\CodeIgniter.php(499): CodeIgniter\CodeIgniter->runController(Object(App\Controllers\dbcontrollers))
 3 SYSTEMPATH\CodeIgniter.php(368): CodeIgniter\CodeIgniter->handleRequest(null, Object(Config\Cache), false)
 4 FCPATH\index.php(67): CodeIgniter\CodeIgniter->run()
CRITICAL - 2023-05-04 05:21:22 --> Call to a member function reg_user_data_model() on null
in APPPATH\Controllers\dbcontrollers.php on line 21.
 1 SYSTEMPATH\CodeIgniter.php(934): App\Controllers\dbcontrollers->reg_user_data()
 2 SYSTEMPATH\CodeIgniter.php(499): CodeIgniter\CodeIgniter->runController(Object(App\Controllers\dbcontrollers))
 3 SYSTEMPATH\CodeIgniter.php(368): CodeIgniter\CodeIgniter->handleRequest(null, Object(Config\Cache), false)
 4 FCPATH\index.php(67): CodeIgniter\CodeIgniter->run()
CRITICAL - 2023-05-04 05:22:56 --> Call to a member function reg_user_data_model() on null
in APPPATH\Controllers\dbcontrollers.php on line 22.
 1 SYSTEMPATH\CodeIgniter.php(934): App\Controllers\dbcontrollers->reg_user_data()
 2 SYSTEMPATH\CodeIgniter.php(499): CodeIgniter\CodeIgniter->runController(Object(App\Controllers\dbcontrollers))
 3 SYSTEMPATH\CodeIgniter.php(368): CodeIgniter\CodeIgniter->handleRequest(null, Object(Config\Cache), false)
 4 FCPATH\index.php(67): CodeIgniter\CodeIgniter->run()
CRITICAL - 2023-05-04 05:28:47 --> Call to a member function reg_user_data_model() on null
in APPPATH\Controllers\dbcontrollers.php on line 22.
 1 SYSTEMPATH\CodeIgniter.php(934): App\Controllers\dbcontrollers->reg_user_data()
 2 SYSTEMPATH\CodeIgniter.php(499): CodeIgniter\CodeIgniter->runController(Object(App\Controllers\dbcontrollers))
 3 SYSTEMPATH\CodeIgniter.php(368): CodeIgniter\CodeIgniter->handleRequest(null, Object(Config\Cache), false)
 4 FCPATH\index.php(67): CodeIgniter\CodeIgniter->run()
CRITICAL - 2023-05-04 05:45:03 --> Call to a member function reg_user_data_model() on null
in APPPATH\Controllers\Dbcontrollers.php on line 28.
 1 SYSTEMPATH\CodeIgniter.php(934): App\Controllers\dbcontrollers->reg_user_data()
 2 SYSTEMPATH\CodeIgniter.php(499): CodeIgniter\CodeIgniter->runController(Object(App\Controllers\dbcontrollers))
 3 SYSTEMPATH\CodeIgniter.php(368): CodeIgniter\CodeIgniter->handleRequest(null, Object(Config\Cache), false)
 4 FCPATH\index.php(67): CodeIgniter\CodeIgniter->run()
CRITICAL - 2023-05-04 05:54:29 --> Undefined array key "intern_id"
in APPPATH\Models\Dbmodels.php on line 21.
 1 APPPATH\Models\Dbmodels.php(21): CodeIgniter\Debug\Exceptions->errorHandler(2, 'Undefined array key "intern_id"', 'APPPATH\\Models\\Dbmodels.php', 21)
 2 APPPATH\Controllers\Dbcontrollers.php(28): App\Models\Dbmodels->reg_user_data_model([...])
 3 SYSTEMPATH\CodeIgniter.php(934): App\Controllers\dbcontrollers->reg_user_data()
 4 SYSTEMPATH\CodeIgniter.php(499): CodeIgniter\CodeIgniter->runController(Object(App\Controllers\dbcontrollers))
 5 SYSTEMPATH\CodeIgniter.php(368): CodeIgniter\CodeIgniter->handleRequest(null, Object(Config\Cache), false)
 6 FCPATH\index.php(67): CodeIgniter\CodeIgniter->run()
CRITICAL - 2023-05-04 05:55:20 --> Undefined array key "intern_id"
in APPPATH\Models\Dbmodels.php on line 21.
 1 APPPATH\Models\Dbmodels.php(21): CodeIgniter\Debug\Exceptions->errorHandler(2, 'Undefined array key "intern_id"', 'APPPATH\\Models\\Dbmodels.php', 21)
 2 APPPATH\Controllers\Dbcontrollers.php(28): App\Models\Dbmodels->reg_user_data_model([...])
 3 SYSTEMPATH\CodeIgniter.php(934): App\Controllers\dbcontrollers->reg_user_data()
 4 SYSTEMPATH\CodeIgniter.php(499): CodeIgniter\CodeIgniter->runController(Object(App\Controllers\dbcontrollers))
 5 SYSTEMPATH\CodeIgniter.php(368): CodeIgniter\CodeIgniter->handleRequest(null, Object(Config\Cache), false)
 6 FCPATH\index.php(67): CodeIgniter\CodeIgniter->run()
CRITICAL - 2023-05-04 05:59:39 --> Undefined array key "intern_id"
in APPPATH\Models\Dbmodels.php on line 21.
 1 APPPATH\Models\Dbmodels.php(21): CodeIgniter\Debug\Exceptions->errorHandler(2, 'Undefined array key "intern_id"', 'APPPATH\\Models\\Dbmodels.php', 21)
 2 APPPATH\Controllers\Dbcontrollers.php(28): App\Models\Dbmodels->reg_user_data_model([...])
 3 SYSTEMPATH\CodeIgniter.php(934): App\Controllers\dbcontrollers->reg_user_data()
 4 SYSTEMPATH\CodeIgniter.php(499): CodeIgniter\CodeIgniter->runController(Object(App\Controllers\dbcontrollers))
 5 SYSTEMPATH\CodeIgniter.php(368): CodeIgniter\CodeIgniter->handleRequest(null, Object(Config\Cache), false)
 6 FCPATH\index.php(67): CodeIgniter\CodeIgniter->run()
CRITICAL - 2023-05-04 06:01:06 --> Undefined array key "intern_id"
in APPPATH\Models\Dbmodels.php on line 21.
 1 APPPATH\Models\Dbmodels.php(21): CodeIgniter\Debug\Exceptions->errorHandler(2, 'Undefined array key "intern_id"', 'APPPATH\\Models\\Dbmodels.php', 21)
 2 APPPATH\Controllers\Dbcontrollers.php(28): App\Models\Dbmodels->reg_user_data_model([...])
 3 SYSTEMPATH\CodeIgniter.php(934): App\Controllers\dbcontrollers->reg_user_data()
 4 SYSTEMPATH\CodeIgniter.php(499): CodeIgniter\CodeIgniter->runController(Object(App\Controllers\dbcontrollers))
 5 SYSTEMPATH\CodeIgniter.php(368): CodeIgniter\CodeIgniter->handleRequest(null, Object(Config\Cache), false)
 6 FCPATH\index.php(67): CodeIgniter\CodeIgniter->run()
