CRITICAL - 2023-04-14 11:30:06 --> Invalid file: "tenat_dashbord.php"
in SYSTEMPATH\Exceptions\FrameworkException.php on line 33.
 1 SYSTEMPATH\View\View.php(201): CodeIgniter\Exceptions\FrameworkException::forInvalidFile('tenat_dashbord.php')
 2 SYSTEMPATH\Common.php(1184): CodeIgniter\View\View->render('tenat_dashbord', [], true)
 3 APPPATH\Controllers\Home.php(13): view('tenat_dashbord')
 4 SYSTEMPATH\CodeIgniter.php(934): App\Controllers\Home->tenat_dashbord()
 5 SYSTEMPATH\CodeIgniter.php(499): CodeIgniter\CodeIgniter->runController(Object(App\Controllers\Home))
 6 SYSTEMPATH\CodeIgniter.php(368): CodeIgniter\CodeIgniter->handleRequest(null, Object(Config\Cache), false)
 7 FCPATH\index.php(67): CodeIgniter\CodeIgniter->run()
CRITICAL - 2023-04-14 11:31:02 --> Invalid file: "tenat_dashbord.php"
in SYSTEMPATH\Exceptions\FrameworkException.php on line 33.
 1 SYSTEMPATH\View\View.php(201): CodeIgniter\Exceptions\FrameworkException::forInvalidFile('tenat_dashbord.php')
 2 SYSTEMPATH\Common.php(1184): CodeIgniter\View\View->render('tenat_dashbord', [], true)
 3 APPPATH\Controllers\Home.php(13): view('tenat_dashbord')
 4 SYSTEMPATH\CodeIgniter.php(934): App\Controllers\Home->tenat_dashbord()
 5 SYSTEMPATH\CodeIgniter.php(499): CodeIgniter\CodeIgniter->runController(Object(App\Controllers\Home))
 6 SYSTEMPATH\CodeIgniter.php(368): CodeIgniter\CodeIgniter->handleRequest(null, Object(Config\Cache), false)
 7 FCPATH\index.php(67): CodeIgniter\CodeIgniter->run()
CRITICAL - 2023-04-14 11:31:47 --> Invalid file: "tenat_dashbord.php"
in SYSTEMPATH\Exceptions\FrameworkException.php on line 33.
 1 SYSTEMPATH\View\View.php(201): CodeIgniter\Exceptions\FrameworkException::forInvalidFile('tenat_dashbord.php')
 2 SYSTEMPATH\Common.php(1184): CodeIgniter\View\View->render('tenat_dashbord', [], true)
 3 APPPATH\Controllers\Home.php(13): view('tenat_dashbord')
 4 SYSTEMPATH\CodeIgniter.php(934): App\Controllers\Home->tenat_dashbord()
 5 SYSTEMPATH\CodeIgniter.php(499): CodeIgniter\CodeIgniter->runController(Object(App\Controllers\Home))
 6 SYSTEMPATH\CodeIgniter.php(368): CodeIgniter\CodeIgniter->handleRequest(null, Object(Config\Cache), false)
 7 FCPATH\index.php(67): CodeIgniter\CodeIgniter->run()
CRITICAL - 2023-04-14 11:31:49 --> Invalid file: "tenat_dashbord.php"
in SYSTEMPATH\Exceptions\FrameworkException.php on line 33.
 1 SYSTEMPATH\View\View.php(201): CodeIgniter\Exceptions\FrameworkException::forInvalidFile('tenat_dashbord.php')
 2 SYSTEMPATH\Common.php(1184): CodeIgniter\View\View->render('tenat_dashbord', [], true)
 3 APPPATH\Controllers\Home.php(13): view('tenat_dashbord')
 4 SYSTEMPATH\CodeIgniter.php(934): App\Controllers\Home->tenat_dashbord()
 5 SYSTEMPATH\CodeIgniter.php(499): CodeIgniter\CodeIgniter->runController(Object(App\Controllers\Home))
 6 SYSTEMPATH\CodeIgniter.php(368): CodeIgniter\CodeIgniter->handleRequest(null, Object(Config\Cache), false)
 7 FCPATH\index.php(67): CodeIgniter\CodeIgniter->run()
CRITICAL - 2023-04-14 11:32:35 --> Invalid file: "tenat_dashbord.php"
in SYSTEMPATH\Exceptions\FrameworkException.php on line 33.
 1 SYSTEMPATH\View\View.php(201): CodeIgniter\Exceptions\FrameworkException::forInvalidFile('tenat_dashbord.php')
 2 SYSTEMPATH\Common.php(1184): CodeIgniter\View\View->render('tenat_dashbord', [], true)
 3 APPPATH\Controllers\Home.php(9): view('tenat_dashbord')
 4 SYSTEMPATH\CodeIgniter.php(934): App\Controllers\Home->index()
 5 SYSTEMPATH\CodeIgniter.php(499): CodeIgniter\CodeIgniter->runController(Object(App\Controllers\Home))
 6 SYSTEMPATH\CodeIgniter.php(368): CodeIgniter\CodeIgniter->handleRequest(null, Object(Config\Cache), false)
 7 FCPATH\index.php(67): CodeIgniter\CodeIgniter->run()
CRITICAL - 2023-04-14 11:33:03 --> Invalid file: "tenat_dashbord.php"
in SYSTEMPATH\Exceptions\FrameworkException.php on line 33.
 1 SYSTEMPATH\View\View.php(201): CodeIgniter\Exceptions\FrameworkException::forInvalidFile('tenat_dashbord.php')
 2 SYSTEMPATH\Common.php(1184): CodeIgniter\View\View->render('tenat_dashbord', [], true)
 3 APPPATH\Controllers\Home.php(9): view('tenat_dashbord')
 4 SYSTEMPATH\CodeIgniter.php(934): App\Controllers\Home->index()
 5 SYSTEMPATH\CodeIgniter.php(499): CodeIgniter\CodeIgniter->runController(Object(App\Controllers\Home))
 6 SYSTEMPATH\CodeIgniter.php(368): CodeIgniter\CodeIgniter->handleRequest(null, Object(Config\Cache), false)
 7 FCPATH\index.php(67): CodeIgniter\CodeIgniter->run()
CRITICAL - 2023-04-14 11:33:05 --> Invalid file: "tenat_dashbord.php"
in SYSTEMPATH\Exceptions\FrameworkException.php on line 33.
 1 SYSTEMPATH\View\View.php(201): CodeIgniter\Exceptions\FrameworkException::forInvalidFile('tenat_dashbord.php')
 2 SYSTEMPATH\Common.php(1184): CodeIgniter\View\View->render('tenat_dashbord', [], true)
 3 APPPATH\Controllers\Home.php(9): view('tenat_dashbord')
 4 SYSTEMPATH\CodeIgniter.php(934): App\Controllers\Home->index()
 5 SYSTEMPATH\CodeIgniter.php(499): CodeIgniter\CodeIgniter->runController(Object(App\Controllers\Home))
 6 SYSTEMPATH\CodeIgniter.php(368): CodeIgniter\CodeIgniter->handleRequest(null, Object(Config\Cache), false)
 7 FCPATH\index.php(67): CodeIgniter\CodeIgniter->run()
CRITICAL - 2023-04-14 11:33:13 --> Invalid file: "tenat_dashbord.php"
in SYSTEMPATH\Exceptions\FrameworkException.php on line 33.
 1 SYSTEMPATH\View\View.php(201): CodeIgniter\Exceptions\FrameworkException::forInvalidFile('tenat_dashbord.php')
 2 SYSTEMPATH\Common.php(1184): CodeIgniter\View\View->render('tenat_dashbord', [], true)
 3 APPPATH\Controllers\Home.php(9): view('tenat_dashbord')
 4 SYSTEMPATH\CodeIgniter.php(934): App\Controllers\Home->index()
 5 SYSTEMPATH\CodeIgniter.php(499): CodeIgniter\CodeIgniter->runController(Object(App\Controllers\Home))
 6 SYSTEMPATH\CodeIgniter.php(368): CodeIgniter\CodeIgniter->handleRequest(null, Object(Config\Cache), false)
 7 FCPATH\index.php(67): CodeIgniter\CodeIgniter->run()
CRITICAL - 2023-04-14 11:33:14 --> Invalid file: "tenat_dashbord.php"
in SYSTEMPATH\Exceptions\FrameworkException.php on line 33.
 1 SYSTEMPATH\View\View.php(201): CodeIgniter\Exceptions\FrameworkException::forInvalidFile('tenat_dashbord.php')
 2 SYSTEMPATH\Common.php(1184): CodeIgniter\View\View->render('tenat_dashbord', [], true)
 3 APPPATH\Controllers\Home.php(9): view('tenat_dashbord')
 4 SYSTEMPATH\CodeIgniter.php(934): App\Controllers\Home->index()
 5 SYSTEMPATH\CodeIgniter.php(499): CodeIgniter\CodeIgniter->runController(Object(App\Controllers\Home))
 6 SYSTEMPATH\CodeIgniter.php(368): CodeIgniter\CodeIgniter->handleRequest(null, Object(Config\Cache), false)
 7 FCPATH\index.php(67): CodeIgniter\CodeIgniter->run()
